"../../../Engine/Plugins/Interchange/Assets/Content/Functions/MX_AnisotropicVDF.uasset" 0
"../../../Engine/Plugins/Interchange/Assets/Content/Functions/MX_AnisotropicVDF.uexp" 1
"../../../Engine/Content/EngineFonts/Faces/DroidSansFallback.uexp" 2
"../../../Engine/Content/EngineFonts/Faces/DroidSansFallback.uasset" 3
"../../../Engine/Content/EngineFonts/Faces/DroidSansFallback.ufont" 4
"../../../Engine/Content/EngineFonts/Faces/RobotoBold.uexp" 5
"../../../Engine/Content/EngineFonts/Faces/RobotoBold.uasset" 6
"../../../Engine/Content/EngineFonts/Faces/RobotoBold.ufont" 7
"../../../Engine/Content/EngineFonts/Faces/RobotoBoldItalic.uexp" 8
"../../../Engine/Content/EngineFonts/Faces/RobotoBoldItalic.uasset" 9
"../../../Engine/Content/EngineFonts/Faces/RobotoBoldItalic.ufont" 10
"../../../Engine/Content/EngineFonts/Faces/RobotoItalic.uexp" 11
"../../../Engine/Content/EngineFonts/Faces/RobotoItalic.uasset" 12
"../../../Engine/Content/EngineFonts/Faces/RobotoItalic.ufont" 13
"../../../Engine/Content/EngineFonts/Faces/RobotoLight.uexp" 14
"../../../Engine/Content/EngineFonts/Faces/RobotoLight.uasset" 15
"../../../Engine/Content/EngineFonts/Faces/RobotoLight.ufont" 16
"../../../Engine/Content/EngineFonts/Faces/RobotoRegular.uexp" 17
"../../../Engine/Content/EngineFonts/Faces/RobotoRegular.uasset" 18
"../../../Engine/Content/EngineFonts/Faces/RobotoRegular.ufont" 19
"../../../Engine/Content/EngineFonts/Roboto.uasset" 20
"../../../Engine/Content/EngineFonts/Roboto.uexp" 21
"../../../Engine/Plugins/Interchange/Assets/Content/Functions/MX_BurleyDiffuseBSDF.uasset" 22
"../../../Engine/Plugins/Interchange/Assets/Content/Functions/MX_BurleyDiffuseBSDF.uexp" 23
"../../../Engine/Plugins/2D/Paper2D/Content/PlaceholderTextures/DummySpriteTexture.ubulk" 24
"../../../Engine/Plugins/2D/Paper2D/Content/PlaceholderTextures/DummySpriteTexture.uasset" 25
"../../../Engine/Plugins/2D/Paper2D/Content/PlaceholderTextures/DummySpriteTexture.uexp" 26
"../../../Engine/Plugins/2D/Paper2D/Content/DummySprite.uasset" 27
"../../../Engine/Plugins/2D/Paper2D/Content/DummySprite.uexp" 28
"../../../Engine/Plugins/2D/Paper2D/Content/DefaultPaperTerrainMaterial.uasset" 29
"../../../Engine/Plugins/2D/Paper2D/Content/DefaultPaperTerrainMaterial.uexp" 30
"../../../Engine/Plugins/Interchange/Assets/Content/Functions/MX_ChiangHairBSDF.uasset" 31
"../../../Engine/Plugins/Interchange/Assets/Content/Functions/MX_ChiangHairBSDF.uexp" 32
"../../../Engine/Plugins/2D/Paper2D/Content/DefaultSpriteMaterial.uasset" 33
"../../../Engine/Plugins/2D/Paper2D/Content/DefaultSpriteMaterial.uexp" 34
"../../../Engine/Plugins/2D/Paper2D/Content/MaskedUnlitSpriteMaterial.uasset" 35
"../../../Engine/Plugins/2D/Paper2D/Content/MaskedUnlitSpriteMaterial.uexp" 36
"../../../Engine/Plugins/2D/Paper2D/Content/OpaqueUnlitSpriteMaterial.uasset" 37
"../../../Engine/Plugins/2D/Paper2D/Content/OpaqueUnlitSpriteMaterial.uexp" 38
"../../../Engine/Plugins/Interchange/Assets/Content/Functions/MX_ConductorBSDF.uasset" 39
"../../../Engine/Plugins/Interchange/Assets/Content/Functions/MX_ConductorBSDF.uexp" 40
"../../../Engine/Plugins/Animation/ACLPlugin/Content/ACLAnimBoneCompressionSettings.uasset" 41
"../../../Engine/Plugins/Animation/ACLPlugin/Content/ACLAnimBoneCompressionSettings.uexp" 42
"../../../Engine/Plugins/Animation/ACLPlugin/Content/ACLAnimCurveCompressionSettings.uasset" 43
"../../../Engine/Plugins/Animation/ACLPlugin/Content/ACLAnimCurveCompressionSettings.uexp" 44
"../../../Engine/Plugins/Interchange/Assets/Content/Functions/MX_ConicalEDF.uasset" 45
"../../../Engine/Plugins/Interchange/Assets/Content/Functions/MX_ConicalEDF.uexp" 46
"../../../Engine/Content/Functions/Engine_MaterialFunctions02/WorldPositionOffset/CameraOffset.uasset" 47
"../../../Engine/Content/Functions/Engine_MaterialFunctions02/WorldPositionOffset/CameraOffset.uexp" 48
"../../../Engine/Plugins/Animation/ControlRig/Content/M_Manip.uasset" 49
"../../../Engine/Plugins/Animation/ControlRig/Content/M_Manip.uexp" 50
"../../../Engine/Plugins/Interchange/Assets/Content/Functions/MX_DielectricBSDF.uasset" 51
"../../../Engine/Plugins/Interchange/Assets/Content/Functions/MX_DielectricBSDF.uexp" 52
"../../../Engine/Plugins/Interchange/Assets/Content/Functions/MX_Displacement.uasset" 53
"../../../Engine/Plugins/Interchange/Assets/Content/Functions/MX_Displacement.uexp" 54
"../../../Engine/Plugins/Interchange/Assets/Content/Functions/MX_GeneralizedSchlickBSDF.uasset" 55
"../../../Engine/Plugins/Interchange/Assets/Content/Functions/MX_GeneralizedSchlickBSDF.uexp" 56
"../../../Engine/Content/EngineSounds/Master.uasset" 57
"../../../Engine/Content/EngineSounds/Master.uexp" 58
"../../../Engine/Plugins/Interchange/Assets/Content/Functions/MX_MeasuredEDF.uasset" 59
"../../../Engine/Plugins/Interchange/Assets/Content/Functions/MX_MeasuredEDF.uexp" 60
"../../../Engine/Plugins/Interchange/Assets/Content/Functions/MF_IridescenceNoLUT.uasset" 61
"../../../Engine/Plugins/Interchange/Assets/Content/Functions/MF_IridescenceNoLUT.uexp" 62
"../../../Engine/Plugins/Interchange/Assets/Content/Functions/MX_StandardSurface.uasset" 63
"../../../Engine/Plugins/Interchange/Assets/Content/Functions/MX_StandardSurface.uexp" 64
"../../../Engine/Plugins/Interchange/Assets/Content/Functions/MX_OpenPBR_Opaque.uasset" 65
"../../../Engine/Plugins/Interchange/Assets/Content/Functions/MX_OpenPBR_Opaque.uexp" 66
"../../../Engine/Plugins/Interchange/Assets/Content/Functions/MX_TransmissionSurface.uasset" 67
"../../../Engine/Plugins/Interchange/Assets/Content/Functions/MX_TransmissionSurface.uexp" 68
"../../../Engine/Plugins/Interchange/Assets/Content/Functions/MX_OpenPBR_Translucent.uasset" 69
"../../../Engine/Plugins/Interchange/Assets/Content/Functions/MX_OpenPBR_Translucent.uexp" 70
"../../../Engine/Plugins/Interchange/Assets/Content/Functions/MX_OrenNayarBSDF.uasset" 71
"../../../Engine/Plugins/Interchange/Assets/Content/Functions/MX_OrenNayarBSDF.uexp" 72
"../../../Engine/Plugins/Interchange/Assets/Content/Functions/MX_SheenBSDF.uasset" 73
"../../../Engine/Plugins/Interchange/Assets/Content/Functions/MX_SheenBSDF.uexp" 74
"../../../Engine/Plugins/Interchange/Assets/Content/Functions/MX_SubsurfaceBSDF.uasset" 75
"../../../Engine/Plugins/Interchange/Assets/Content/Functions/MX_SubsurfaceBSDF.uexp" 76
"../../../Engine/Plugins/Interchange/Assets/Content/Functions/MX_Surface.uasset" 77
"../../../Engine/Plugins/Interchange/Assets/Content/Functions/MX_Surface.uexp" 78
"../../../Engine/Plugins/Interchange/Assets/Content/Functions/MX_SurfaceUnlit.uasset" 79
"../../../Engine/Plugins/Interchange/Assets/Content/Functions/MX_SurfaceUnlit.uexp" 80
"../../../Engine/Content/EngineMaterials/T_Default_Material_Grid_M.ubulk" 81
"../../../Engine/Content/EngineMaterials/T_Default_Material_Grid_M.uasset" 82
"../../../Engine/Content/EngineMaterials/T_Default_Material_Grid_M.uexp" 83
"../../../Engine/Content/EngineMaterials/T_Default_Material_Grid_N.ubulk" 84
"../../../Engine/Content/EngineMaterials/T_Default_Material_Grid_N.uasset" 85
"../../../Engine/Content/EngineMaterials/T_Default_Material_Grid_N.uexp" 86
"../../../Engine/Content/Functions/Engine_MaterialFunctions01/Opacity/CameraDepthFade.uasset" 87
"../../../Engine/Content/Functions/Engine_MaterialFunctions01/Opacity/CameraDepthFade.uexp" 88
"../../../Engine/Content/EngineMaterials/WorldGridMaterial.uasset" 89
"../../../Engine/Content/EngineMaterials/WorldGridMaterial.uexp" 90
"../../../Engine/Plugins/Media/MediaPlate/Content/SM_MediaPlateScreen.ubulk" 91
"../../../Engine/Plugins/Media/MediaPlate/Content/SM_MediaPlateScreen.uasset" 92
"../../../Engine/Plugins/Media/MediaPlate/Content/SM_MediaPlateScreen.uexp" 93
"../../../Engine/Plugins/Interchange/Assets/Content/Functions/MX_TranslucentBSDF.uasset" 94
"../../../Engine/Plugins/Interchange/Assets/Content/Functions/MX_TranslucentBSDF.uexp" 95
"../../../Engine/Plugins/NNE/NNEDenoiser/Content/NNEDIM_ColorAlbedoNormal_Alpha.uasset" 96
"../../../Engine/Plugins/NNE/NNEDenoiser/Content/NNEDIM_ColorAlbedoNormal_Alpha.uexp" 97
"../../../Engine/Plugins/NNE/NNEDenoiser/Content/NNEDIM_ColorAlbedoNormal_Default.uasset" 98
"../../../Engine/Plugins/NNE/NNEDenoiser/Content/NNEDIM_ColorAlbedoNormal_Default.uexp" 99
"../../../Engine/Plugins/NNE/NNEDenoiser/Content/NNEDIM_HighQuality_Alpha.uasset" 100
"../../../Engine/Plugins/NNE/NNEDenoiser/Content/NNEDIM_HighQuality_Alpha.uexp" 101
"../../../Engine/Plugins/NNE/NNEDenoiser/Content/NNEDIM_HighQuality_Default.uasset" 102
"../../../Engine/Plugins/NNE/NNEDenoiser/Content/NNEDIM_HighQuality_Default.uexp" 103
"../../../Engine/Content/EngineMaterials/DefaultBloomKernel.uasset" 104
"../../../Engine/Content/EngineMaterials/DefaultBloomKernel.uexp" 105
"../../../Engine/Plugins/NNE/NNEDenoiser/Content/NNEDOM_Output_Alpha.uasset" 106
"../../../Engine/Plugins/NNE/NNEDenoiser/Content/NNEDOM_Output_Alpha.uexp" 107
"../../../Engine/Plugins/NNE/NNEDenoiser/Content/NNEDOM_Output_Default.uasset" 108
"../../../Engine/Plugins/NNE/NNEDenoiser/Content/NNEDOM_Output_Default.uexp" 109
"../../../Engine/Plugins/NNE/NNEDenoiser/Content/NNEDTIM_ColorAlbedoNormal_Alpha.uasset" 110
"../../../Engine/Plugins/NNE/NNEDenoiser/Content/NNEDTIM_ColorAlbedoNormal_Alpha.uexp" 111
"../../../Engine/Plugins/NNE/NNEDenoiser/Content/NNEDTIM_ColorAlbedoNormal_Default.uasset" 112
"../../../Engine/Plugins/NNE/NNEDenoiser/Content/NNEDTIM_ColorAlbedoNormal_Default.uexp" 113
"../../../Engine/Plugins/NNE/NNEDenoiser/Content/NNEDTOM_Output_Alpha.uasset" 114
"../../../Engine/Plugins/NNE/NNEDenoiser/Content/NNEDTOM_Output_Alpha.uexp" 115
"../../../Engine/Plugins/NNE/NNEDenoiser/Content/NNEDTOM_Output_Default.uasset" 116
"../../../Engine/Plugins/NNE/NNEDenoiser/Content/NNEDTOM_Output_Default.uexp" 117
"../../../Engine/Content/EngineMaterials/DefaultBokeh.uasset" 118
"../../../Engine/Content/EngineMaterials/DefaultBokeh.uexp" 119
"../../../Engine/Plugins/NNE/NNEDenoiser/Content/NNE_oidn2-3-0_rt_hdr_alb_nrm_small__dyn__fp16_opset11_DenoiseAlpha.uasset" 120
"../../../Engine/Plugins/NNE/NNEDenoiser/Content/NNE_oidn2-3-0_rt_hdr_alb_nrm_small__dyn__fp16_opset11_DenoiseAlpha.uexp" 121
"../../../Engine/Plugins/NNE/NNEDenoiser/Content/NNE_oidn2-3-0_rt_hdr_alb_nrm_small__dyn__fp16_opset11_ForwardAlpha.uasset" 122
"../../../Engine/Plugins/NNE/NNEDenoiser/Content/NNE_oidn2-3-0_rt_hdr_alb_nrm_small__dyn__fp16_opset11_ForwardAlpha.uexp" 123
"../../../Engine/Plugins/NNE/NNEDenoiser/Content/NNE_oidn2-3-0_rt_hdr_alb_nrm__dyn__fp16_opset11_DenoiseAlpha.uasset" 124
"../../../Engine/Plugins/NNE/NNEDenoiser/Content/NNE_oidn2-3-0_rt_hdr_alb_nrm__dyn__fp16_opset11_DenoiseAlpha.uexp" 125
"../../../Engine/Plugins/Interchange/Assets/Content/Functions/MX_UniformEDF.uasset" 126
"../../../Engine/Plugins/Interchange/Assets/Content/Functions/MX_UniformEDF.uexp" 127
"../../../Engine/Plugins/NNE/NNEDenoiser/Content/NNE_oidn2-3-0_rt_hdr_alb_nrm__dyn__fp16_opset11_ForwardAlpha.uasset" 128
"../../../Engine/Plugins/NNE/NNEDenoiser/Content/NNE_oidn2-3-0_rt_hdr_alb_nrm__dyn__fp16_opset11_ForwardAlpha.uexp" 129
"../../../Engine/Plugins/NNE/NNEDenoiser/Content/NNE_oidn2-3-0_rt_hdr_calb_cnrm_large__dyn__fp16_opset11_DenoiseAlpha.uasset" 130
"../../../Engine/Plugins/NNE/NNEDenoiser/Content/NNE_oidn2-3-0_rt_hdr_calb_cnrm_large__dyn__fp16_opset11_DenoiseAlpha.uexp" 131
"../../../Engine/Plugins/NNE/NNEDenoiser/Content/NNE_oidn2-3-0_rt_hdr_calb_cnrm_large__dyn__fp16_opset11_ForwardAlpha.uasset" 132
"../../../Engine/Plugins/NNE/NNEDenoiser/Content/NNE_oidn2-3-0_rt_hdr_calb_cnrm_large__dyn__fp16_opset11_ForwardAlpha.uexp" 133
"../../../Engine/Plugins/Interchange/Assets/Content/Functions/MX_UsdPreviewSurface.uasset" 134
"../../../Engine/Plugins/Interchange/Assets/Content/Functions/MX_UsdPreviewSurface.uexp" 135
"../../../Engine/Content/EngineMaterials/DefaultDiffuse.ubulk" 136
"../../../Engine/Content/EngineMaterials/DefaultDiffuse.uasset" 137
"../../../Engine/Content/EngineMaterials/DefaultDiffuse.uexp" 138
"../../../Engine/Content/EngineMaterials/DefaultDeferredDecalMaterial.uasset" 139
"../../../Engine/Content/EngineMaterials/DefaultDeferredDecalMaterial.uexp" 140
"../../../Engine/Content/EngineMaterials/DefaultDestructiblePhysicalMaterial.uasset" 141
"../../../Engine/Content/EngineMaterials/DefaultDestructiblePhysicalMaterial.uexp" 142
"E:/Paranoia470/Content/Blueprints/Character/Inputs/IA_ControllerCamera.uasset" 143
"E:/Paranoia470/Content/Blueprints/Character/Inputs/IA_ControllerCamera.uexp" 144
"E:/Paranoia470/Content/Blueprints/Character/Inputs/IA_Crouch.uasset" 145
"E:/Paranoia470/Content/Blueprints/Character/Inputs/IA_Crouch.uexp" 146
"E:/Paranoia470/Content/Blueprints/Character/Inputs/IA_Jump.uasset" 147
"E:/Paranoia470/Content/Blueprints/Character/Inputs/IA_Jump.uexp" 148
"E:/Paranoia470/Content/Blueprints/Character/Inputs/IA_MouseCamera.uasset" 149
"E:/Paranoia470/Content/Blueprints/Character/Inputs/IA_MouseCamera.uexp" 150
"E:/Paranoia470/Content/Blueprints/Character/Inputs/IA_Move.uasset" 151
"E:/Paranoia470/Content/Blueprints/Character/Inputs/IA_Move.uexp" 152
"E:/Paranoia470/Content/Blueprints/Character/Inputs/IA_Sprint.uasset" 153
"E:/Paranoia470/Content/Blueprints/Character/Inputs/IA_Sprint.uexp" 154
"E:/Paranoia470/Content/Eric_Bp/Inventory/Fslotstuck.uasset" 155
"E:/Paranoia470/Content/Eric_Bp/Inventory/Fslotstuck.uexp" 156
"E:/Paranoia470/Content/Eric_Bp/Inventory/InventorySystem.uasset" 157
"E:/Paranoia470/Content/Eric_Bp/Inventory/InventorySystem.uexp" 158
"E:/Paranoia470/Content/Blueprints/Character/BP_Character.uasset" 159
"E:/Paranoia470/Content/Blueprints/Character/BP_Character.uexp" 160
"E:/Paranoia470/Content/Blueprints/Character/Inputs/IA_CharacterMovement.uasset" 161
"E:/Paranoia470/Content/Blueprints/Character/Inputs/IA_CharacterMovement.uexp" 162
"E:/Paranoia470/Content/Blueprints/Character/UI/UI_SprintBar.uasset" 163
"E:/Paranoia470/Content/Blueprints/Character/UI/UI_SprintBar.uexp" 164
"E:/Paranoia470/Content/Blueprints/Character/BP_PlayerController.uasset" 165
"E:/Paranoia470/Content/Blueprints/Character/BP_PlayerController.uexp" 166
"E:/Paranoia470/Content/Blueprints/BP_GameMode.uasset" 167
"E:/Paranoia470/Content/Blueprints/BP_GameMode.uexp" 168
"../../../Engine/Content/EngineMaterials/DefaultLightFunctionMaterial.uasset" 169
"../../../Engine/Content/EngineMaterials/DefaultLightFunctionMaterial.uexp" 170
"../../../Engine/Content/Animation/DefaultRecorderBoneCompression.uasset" 171
"../../../Engine/Content/Animation/DefaultRecorderBoneCompression.uexp" 172
"../../../Engine/Content/Animation/DefaultVariableFrameStrippingSettings.uasset" 173
"../../../Engine/Content/Animation/DefaultVariableFrameStrippingSettings.uexp" 174
"../../../Engine/Content/EngineMaterials/DefaultPhysicalMaterial.uasset" 175
"../../../Engine/Content/EngineMaterials/DefaultPhysicalMaterial.uexp" 176
"../../../Engine/Content/Functions/Engine_MaterialFunctions02/Utility/BreakOutFloat2Components.uasset" 177
"../../../Engine/Content/Functions/Engine_MaterialFunctions02/Utility/BreakOutFloat2Components.uexp" 178
"../../../Engine/Content/EngineMaterials/DefaultPostProcessMaterial.uasset" 179
"../../../Engine/Content/EngineMaterials/DefaultPostProcessMaterial.uexp" 180
"../../../Engine/Content/EngineMaterials/DefaultMaterial.uasset" 181
"../../../Engine/Content/EngineMaterials/DefaultMaterial.uexp" 182
"../../../Engine/Content/BasicShapes/Cone.ubulk" 183
"../../../Engine/Content/BasicShapes/Cone.uasset" 184
"../../../Engine/Content/BasicShapes/Cone.uexp" 185
"../../../Engine/Content/EngineFonts/RobotoDistanceField.uasset" 186
"../../../Engine/Content/EngineFonts/RobotoDistanceField.uexp" 187
"../../../Engine/Content/EngineMaterials/DefaultTextMaterialOpaque.uasset" 188
"../../../Engine/Content/EngineMaterials/DefaultTextMaterialOpaque.uexp" 189
"../../../Engine/Content/EngineMaterials/DefaultWhiteGrid.ubulk" 190
"../../../Engine/Content/EngineMaterials/DefaultWhiteGrid.uasset" 191
"../../../Engine/Content/EngineMaterials/DefaultWhiteGrid.uexp" 192
"../../../Engine/Content/BasicShapes/Cylinder.ubulk" 193
"../../../Engine/Content/BasicShapes/Cylinder.uasset" 194
"../../../Engine/Content/BasicShapes/Cylinder.uexp" 195
"../../../Engine/Content/Functions/Engine_MaterialFunctions02/Utility/MakeFloat3.uasset" 196
"../../../Engine/Content/Functions/Engine_MaterialFunctions02/Utility/MakeFloat3.uexp" 197
"../../../Engine/Content/Functions/Engine_MaterialFunctions02/SplitComponents.uasset" 198
"../../../Engine/Content/Functions/Engine_MaterialFunctions02/SplitComponents.uexp" 199
"../../../Engine/Content/Functions/Engine_MaterialFunctions02/Utility/BreakOutFloat3Components.uasset" 200
"../../../Engine/Content/Functions/Engine_MaterialFunctions02/Utility/BreakOutFloat3Components.uexp" 201
"../../../Engine/Content/Functions/Engine_MaterialFunctions02/Math/Transform3x3Matrix.uasset" 202
"../../../Engine/Content/Functions/Engine_MaterialFunctions02/Math/Transform3x3Matrix.uexp" 203
"../../../Engine/Content/VREditor/SnapGrid/SnapGridMaterial.uasset" 204
"../../../Engine/Content/VREditor/SnapGrid/SnapGridMaterial.uexp" 205
"../../../Engine/Content/VREditor/SnapGrid/SnapGridPlaneMesh.ubulk" 206
"../../../Engine/Content/VREditor/SnapGrid/SnapGridPlaneMesh.uasset" 207
"../../../Engine/Content/VREditor/SnapGrid/SnapGridPlaneMesh.uexp" 208
"../../../Engine/Content/VREditor/LaserPointer/VR_LaserPower_01.ubulk" 209
"../../../Engine/Content/VREditor/LaserPointer/VR_LaserPower_01.uasset" 210
"../../../Engine/Content/VREditor/LaserPointer/VR_LaserPower_01.uexp" 211
"../../../Engine/Content/VREditor/TransformGizmo/TransformGizmoMaterial.uasset" 212
"../../../Engine/Content/VREditor/TransformGizmo/TransformGizmoMaterial.uexp" 213
"../../../Engine/Content/VREditor/TransformGizmo/TranslucentTransformGizmoMaterial.uasset" 214
"../../../Engine/Content/VREditor/TransformGizmo/TranslucentTransformGizmoMaterial.uexp" 215
"../../../Engine/Content/VREditor/TransformGizmo/PlaneTranslationHandle.ubulk" 216
"../../../Engine/Content/VREditor/TransformGizmo/PlaneTranslationHandle.uasset" 217
"../../../Engine/Content/VREditor/TransformGizmo/PlaneTranslationHandle.uexp" 218
"../../../Engine/Content/VREditor/TransformGizmo/RotationHandleFull.ubulk" 219
"../../../Engine/Content/VREditor/TransformGizmo/RotationHandleFull.uasset" 220
"../../../Engine/Content/VREditor/TransformGizmo/RotationHandleFull.uexp" 221
"../../../Engine/Content/VREditor/TransformGizmo/RotationHandleIndicator.ubulk" 222
"../../../Engine/Content/VREditor/TransformGizmo/RotationHandleIndicator.uasset" 223
"../../../Engine/Content/VREditor/TransformGizmo/RotationHandleIndicator.uexp" 224
"../../../Engine/Content/VREditor/TransformGizmo/RotationHandleQuarter.ubulk" 225
"../../../Engine/Content/VREditor/TransformGizmo/RotationHandleQuarter.uasset" 226
"../../../Engine/Content/VREditor/TransformGizmo/RotationHandleQuarter.uexp" 227
"../../../Engine/Content/VREditor/TransformGizmo/StartRotationHandleIndicator.ubulk" 228
"../../../Engine/Content/VREditor/TransformGizmo/StartRotationHandleIndicator.uasset" 229
"../../../Engine/Content/VREditor/TransformGizmo/StartRotationHandleIndicator.uexp" 230
"../../../Engine/Content/VREditor/TransformGizmo/TranslucentTransformGizmoMaterial_Inst.uasset" 231
"../../../Engine/Content/VREditor/TransformGizmo/TranslucentTransformGizmoMaterial_Inst.uexp" 232
"../../../Engine/Content/VREditor/TransformGizmo/TransformGizmoFreeRotation.ubulk" 233
"../../../Engine/Content/VREditor/TransformGizmo/TransformGizmoFreeRotation.uasset" 234
"../../../Engine/Content/VREditor/TransformGizmo/TransformGizmoFreeRotation.uexp" 235
"../../../Engine/Content/VREditor/TransformGizmo/TransformGizmoMaterial_Inst.uasset" 236
"../../../Engine/Content/VREditor/TransformGizmo/TransformGizmoMaterial_Inst.uexp" 237
"../../../Engine/Content/VREditor/TransformGizmo/TranslateArrowHandle.ubulk" 238
"../../../Engine/Content/VREditor/TransformGizmo/TranslateArrowHandle.uasset" 239
"../../../Engine/Content/VREditor/TransformGizmo/TranslateArrowHandle.uexp" 240
"../../../Engine/Content/VREditor/TransformGizmo/UniformScaleHandle.ubulk" 241
"../../../Engine/Content/VREditor/TransformGizmo/UniformScaleHandle.uasset" 242
"../../../Engine/Content/VREditor/TransformGizmo/UniformScaleHandle.uexp" 243
"../../../Engine/Content/VREditor/Sounds/UI/Drop_Item_From_ContentBrowser.ubulk" 244
"../../../Engine/Content/VREditor/Sounds/UI/Drop_Item_From_ContentBrowser.uasset" 245
"../../../Engine/Content/VREditor/Sounds/UI/Drop_Item_From_ContentBrowser.uexp" 246
"../../../Engine/Content/VREditor/Sounds/UI/Gizmo_Handle_Clicked.ubulk" 247
"../../../Engine/Content/VREditor/Sounds/UI/Gizmo_Handle_Clicked.uasset" 248
"../../../Engine/Content/VREditor/Sounds/UI/Gizmo_Handle_Clicked.uexp" 249
"../../../Engine/Content/VREditor/Sounds/UI/Object_PickUp.ubulk" 250
"../../../Engine/Content/VREditor/Sounds/UI/Object_PickUp.uasset" 251
"../../../Engine/Content/VREditor/Sounds/UI/Object_PickUp.uexp" 252
"../../../Engine/Content/VREditor/Sounds/UI/Object_Snaps_To_Another_Actor.ubulk" 253
"../../../Engine/Content/VREditor/Sounds/UI/Object_Snaps_To_Another_Actor.uasset" 254
"../../../Engine/Content/VREditor/Sounds/UI/Object_Snaps_To_Another_Actor.uexp" 255
"../../../Engine/Content/VREditor/Sounds/UI/Object_Snaps_To_Grid.ubulk" 256
"../../../Engine/Content/VREditor/Sounds/UI/Object_Snaps_To_Grid.uasset" 257
"../../../Engine/Content/VREditor/Sounds/UI/Object_Snaps_To_Grid.uexp" 258
"../../../Engine/Content/VREditor/Sounds/UI/Scaling_Down.ubulk" 259
"../../../Engine/Content/VREditor/Sounds/UI/Scaling_Down.uasset" 260
"../../../Engine/Content/VREditor/Sounds/UI/Scaling_Down.uexp" 261
"../../../Engine/Content/VREditor/Sounds/UI/Scaling_Up.ubulk" 262
"../../../Engine/Content/VREditor/Sounds/UI/Scaling_Up.uasset" 263
"../../../Engine/Content/VREditor/Sounds/UI/Scaling_Up.uexp" 264
"../../../Engine/Content/VREditor/Sounds/UI/Selection_Changes.ubulk" 265
"../../../Engine/Content/VREditor/Sounds/UI/Selection_Changes.uasset" 266
"../../../Engine/Content/VREditor/Sounds/UI/Selection_Changes.uexp" 267
"../../../Engine/Content/EngineMaterials/DefaultWhiteGrid_Low.uasset" 268
"../../../Engine/Content/EngineMaterials/DefaultWhiteGrid_Low.uexp" 269
"../../../Engine/Content/EngineMaterials/EmissiveMeshMaterial.uasset" 270
"../../../Engine/Content/EngineMaterials/EmissiveMeshMaterial.uexp" 271
"../../../Engine/Content/BasicShapes/Sphere.ubulk" 272
"../../../Engine/Content/BasicShapes/Sphere.uasset" 273
"../../../Engine/Content/BasicShapes/Sphere.uexp" 274
"../../../Engine/Plugins/Animation/ControlRig/Content/Controls/ControlRigGizmoMaterial.uasset" 275
"../../../Engine/Plugins/Animation/ControlRig/Content/Controls/ControlRigGizmoMaterial.uexp" 276
"../../../Engine/Content/EngineMaterials/FastBlueNoise_scalar_128x128x64.uasset" 277
"../../../Engine/Content/EngineMaterials/FastBlueNoise_scalar_128x128x64.uexp" 278
"../../../Engine/Plugins/Animation/ControlRig/Content/Controls/ControlRigXRayMaterial.uasset" 279
"../../../Engine/Plugins/Animation/ControlRig/Content/Controls/ControlRigXRayMaterial.uexp" 280
"../../../Engine/Content/EngineMaterials/FastBlueNoise_scalar_128x128x8.uasset" 281
"../../../Engine/Content/EngineMaterials/FastBlueNoise_scalar_128x128x8.uexp" 282
"../../../Engine/Plugins/Animation/ControlRig/Content/Controls/ControlRig_Arrow2_1mm.ubulk" 283
"../../../Engine/Plugins/Animation/ControlRig/Content/Controls/ControlRig_Arrow2_1mm.uasset" 284
"../../../Engine/Plugins/Animation/ControlRig/Content/Controls/ControlRig_Arrow2_1mm.uexp" 285
"../../../Engine/Plugins/Animation/ControlRig/Content/Controls/ControlRig_Arrow2_3mm.ubulk" 286
"../../../Engine/Plugins/Animation/ControlRig/Content/Controls/ControlRig_Arrow2_3mm.uasset" 287
"../../../Engine/Plugins/Animation/ControlRig/Content/Controls/ControlRig_Arrow2_3mm.uexp" 288
"../../../Engine/Content/EngineMaterials/FastBlueNoise_vec2_128x128x64.uasset" 289
"../../../Engine/Content/EngineMaterials/FastBlueNoise_vec2_128x128x64.uexp" 290
"../../../Engine/Plugins/Animation/ControlRig/Content/Controls/ControlRig_Arrow2_solid.ubulk" 291
"../../../Engine/Plugins/Animation/ControlRig/Content/Controls/ControlRig_Arrow2_solid.uasset" 292
"../../../Engine/Plugins/Animation/ControlRig/Content/Controls/ControlRig_Arrow2_solid.uexp" 293
"../../../Engine/Plugins/Interchange/Assets/Content/Functions/MX_AbsorptionVDF.uasset" 294
"../../../Engine/Plugins/Interchange/Assets/Content/Functions/MX_AbsorptionVDF.uexp" 295
"../../../Engine/Plugins/Animation/ControlRig/Content/Controls/ControlRig_Arrow4_1mm.ubulk" 296
"../../../Engine/Plugins/Animation/ControlRig/Content/Controls/ControlRig_Arrow4_1mm.uasset" 297
"../../../Engine/Plugins/Animation/ControlRig/Content/Controls/ControlRig_Arrow4_1mm.uexp" 298
"../../../Engine/Content/EngineMaterials/BaseFlattenDiffuseMap.uasset" 299
"../../../Engine/Content/EngineMaterials/BaseFlattenDiffuseMap.uexp" 300
"../../../Engine/Content/EngineMaterials/BaseFlattenEmissiveMap.uasset" 301
"../../../Engine/Content/EngineMaterials/BaseFlattenEmissiveMap.uexp" 302
"../../../Engine/Content/EngineMaterials/BaseFlattenGrayscaleMap.uasset" 303
"../../../Engine/Content/EngineMaterials/BaseFlattenGrayscaleMap.uexp" 304
"../../../Engine/Content/EngineMaterials/BaseFlattenLinearColor.uasset" 305
"../../../Engine/Content/EngineMaterials/BaseFlattenLinearColor.uexp" 306
"../../../Engine/Content/EngineMaterials/BaseFlattenNormalMap.uasset" 307
"../../../Engine/Content/EngineMaterials/BaseFlattenNormalMap.uexp" 308
"../../../Engine/Content/Functions/Engine_MaterialFunctions02/PivotPainter2/Black_1x1_EXR_Texture.uasset" 309
"../../../Engine/Content/Functions/Engine_MaterialFunctions02/PivotPainter2/Black_1x1_EXR_Texture.uexp" 310
"../../../Engine/Content/EngineMaterials/FlattenMaterial.uasset" 311
"../../../Engine/Content/EngineMaterials/FlattenMaterial.uexp" 312
"../../../Engine/Content/EngineMaterials/BaseFlattenDiffuseMap_VT.ubulk" 313
"../../../Engine/Content/EngineMaterials/BaseFlattenDiffuseMap_VT.uasset" 314
"../../../Engine/Content/EngineMaterials/BaseFlattenDiffuseMap_VT.uexp" 315
"../../../Engine/Content/EngineMaterials/BaseFlattenEmissiveMap_VT.ubulk" 316
"../../../Engine/Content/EngineMaterials/BaseFlattenEmissiveMap_VT.uasset" 317
"../../../Engine/Content/EngineMaterials/BaseFlattenEmissiveMap_VT.uexp" 318
"../../../Engine/Content/EngineMaterials/BaseFlattenGrayscaleMap_VT.ubulk" 319
"../../../Engine/Content/EngineMaterials/BaseFlattenGrayscaleMap_VT.uasset" 320
"../../../Engine/Content/EngineMaterials/BaseFlattenGrayscaleMap_VT.uexp" 321
"../../../Engine/Content/EngineMaterials/BaseFlattenLinearColor_VT.ubulk" 322
"../../../Engine/Content/EngineMaterials/BaseFlattenLinearColor_VT.uasset" 323
"../../../Engine/Content/EngineMaterials/BaseFlattenLinearColor_VT.uexp" 324
"../../../Engine/Content/EngineMaterials/BaseFlattenNormalMap_VT.ubulk" 325
"../../../Engine/Content/EngineMaterials/BaseFlattenNormalMap_VT.uasset" 326
"../../../Engine/Content/EngineMaterials/BaseFlattenNormalMap_VT.uexp" 327
"../../../Engine/Content/EngineMaterials/Black_1x1_EXR_Texture_VT.ubulk" 328
"../../../Engine/Content/EngineMaterials/Black_1x1_EXR_Texture_VT.uasset" 329
"../../../Engine/Content/EngineMaterials/Black_1x1_EXR_Texture_VT.uexp" 330
"../../../Engine/Content/EngineMaterials/FlattenMaterial_VT.uasset" 331
"../../../Engine/Content/EngineMaterials/FlattenMaterial_VT.uexp" 332
"../../../Engine/Plugins/Animation/ControlRig/Content/Controls/ControlRig_Arrow4_3mm.ubulk" 333
"../../../Engine/Plugins/Animation/ControlRig/Content/Controls/ControlRig_Arrow4_3mm.uasset" 334
"../../../Engine/Plugins/Animation/ControlRig/Content/Controls/ControlRig_Arrow4_3mm.uexp" 335
"../../../Engine/Content/EngineMaterials/FlattenMaterial_WS_Normal_VT.uasset" 336
"../../../Engine/Content/EngineMaterials/FlattenMaterial_WS_Normal_VT.uexp" 337
"../../../Engine/Plugins/Animation/ControlRig/Content/Controls/ControlRig_Arrow4_solid.ubulk" 338
"../../../Engine/Plugins/Animation/ControlRig/Content/Controls/ControlRig_Arrow4_solid.uasset" 339
"../../../Engine/Plugins/Animation/ControlRig/Content/Controls/ControlRig_Arrow4_solid.uexp" 340
"../../../Engine/Content/EngineMaterials/GizmoMaterial.uasset" 341
"../../../Engine/Content/EngineMaterials/GizmoMaterial.uexp" 342
"../../../Engine/Plugins/Animation/ControlRig/Content/Controls/ControlRig_Arrow_1mm.ubulk" 343
"../../../Engine/Plugins/Animation/ControlRig/Content/Controls/ControlRig_Arrow_1mm.uasset" 344
"../../../Engine/Plugins/Animation/ControlRig/Content/Controls/ControlRig_Arrow_1mm.uexp" 345
"../../../Engine/Plugins/Animation/ControlRig/Content/Controls/ControlRig_Arrow_3mm.ubulk" 346
"../../../Engine/Plugins/Animation/ControlRig/Content/Controls/ControlRig_Arrow_3mm.uasset" 347
"../../../Engine/Plugins/Animation/ControlRig/Content/Controls/ControlRig_Arrow_3mm.uexp" 348
"../../../Engine/Plugins/Animation/ControlRig/Content/Controls/ControlRig_Arrow_solid.ubulk" 349
"../../../Engine/Plugins/Animation/ControlRig/Content/Controls/ControlRig_Arrow_solid.uasset" 350
"../../../Engine/Plugins/Animation/ControlRig/Content/Controls/ControlRig_Arrow_solid.uexp" 351
"../../../Engine/Plugins/Animation/ControlRig/Content/Controls/ControlRig_Box_1mm.ubulk" 352
"../../../Engine/Plugins/Animation/ControlRig/Content/Controls/ControlRig_Box_1mm.uasset" 353
"../../../Engine/Plugins/Animation/ControlRig/Content/Controls/ControlRig_Box_1mm.uexp" 354
"../../../Engine/Plugins/Animation/ControlRig/Content/Controls/ControlRig_Box_3mm.ubulk" 355
"../../../Engine/Plugins/Animation/ControlRig/Content/Controls/ControlRig_Box_3mm.uasset" 356
"../../../Engine/Plugins/Animation/ControlRig/Content/Controls/ControlRig_Box_3mm.uexp" 357
"../../../Engine/Plugins/Animation/ControlRig/Content/Controls/ControlRig_Box_solid.ubulk" 358
"../../../Engine/Plugins/Animation/ControlRig/Content/Controls/ControlRig_Box_solid.uasset" 359
"../../../Engine/Plugins/Animation/ControlRig/Content/Controls/ControlRig_Box_solid.uexp" 360
"../../../Engine/Plugins/Animation/ControlRig/Content/Controls/ControlRig_Circle_1mm.ubulk" 361
"../../../Engine/Plugins/Animation/ControlRig/Content/Controls/ControlRig_Circle_1mm.uasset" 362
"../../../Engine/Plugins/Animation/ControlRig/Content/Controls/ControlRig_Circle_1mm.uexp" 363
"../../../Engine/Plugins/Animation/ControlRig/Content/Controls/ControlRig_Circle_3mm.ubulk" 364
"../../../Engine/Plugins/Animation/ControlRig/Content/Controls/ControlRig_Circle_3mm.uasset" 365
"../../../Engine/Plugins/Animation/ControlRig/Content/Controls/ControlRig_Circle_3mm.uexp" 366
"../../../Engine/Plugins/Animation/ControlRig/Content/Controls/ControlRig_Circle_solid.ubulk" 367
"../../../Engine/Plugins/Animation/ControlRig/Content/Controls/ControlRig_Circle_solid.uasset" 368
"../../../Engine/Plugins/Animation/ControlRig/Content/Controls/ControlRig_Circle_solid.uexp" 369
"../../../Engine/Plugins/Interchange/Assets/Content/Substrate/MX_SimpleVolume.uasset" 370
"../../../Engine/Plugins/Interchange/Assets/Content/Substrate/MX_SimpleVolume.uexp" 371
"../../../Engine/Plugins/Animation/ControlRig/Content/Controls/ControlRig_Diamond_1mm.ubulk" 372
"../../../Engine/Plugins/Animation/ControlRig/Content/Controls/ControlRig_Diamond_1mm.uasset" 373
"../../../Engine/Plugins/Animation/ControlRig/Content/Controls/ControlRig_Diamond_1mm.uexp" 374
"../../../Engine/Content/EngineMaterials/MiniFont.uasset" 375
"../../../Engine/Content/EngineMaterials/MiniFont.uexp" 376
"../../../Engine/Content/EngineMaterials/InvalidLightmapSettings.ubulk" 377
"../../../Engine/Content/EngineMaterials/InvalidLightmapSettings.uasset" 378
"../../../Engine/Content/EngineMaterials/InvalidLightmapSettings.uexp" 379
"../../../Engine/Content/EngineMaterials/M_InvalidLightmapSettings.uasset" 380
"../../../Engine/Content/EngineMaterials/M_InvalidLightmapSettings.uexp" 381
"../../../Engine/Plugins/Animation/ControlRig/Content/Controls/ControlRig_Diamond_3mm.ubulk" 382
"../../../Engine/Plugins/Animation/ControlRig/Content/Controls/ControlRig_Diamond_3mm.uasset" 383
"../../../Engine/Plugins/Animation/ControlRig/Content/Controls/ControlRig_Diamond_3mm.uexp" 384
"../../../Engine/Content/EngineMaterials/NaniteHiddenSectionMaterial.uasset" 385
"../../../Engine/Content/EngineMaterials/NaniteHiddenSectionMaterial.uexp" 386
"../../../Engine/Plugins/Animation/ControlRig/Content/Controls/ControlRig_Diamond_solid.ubulk" 387
"../../../Engine/Plugins/Animation/ControlRig/Content/Controls/ControlRig_Diamond_solid.uasset" 388
"../../../Engine/Plugins/Animation/ControlRig/Content/Controls/ControlRig_Diamond_solid.uexp" 389
"../../../Engine/Plugins/Animation/ControlRig/Content/Controls/ControlRig_HalfCircle_1mm.ubulk" 390
"../../../Engine/Plugins/Animation/ControlRig/Content/Controls/ControlRig_HalfCircle_1mm.uasset" 391
"../../../Engine/Plugins/Animation/ControlRig/Content/Controls/ControlRig_HalfCircle_1mm.uexp" 392
"../../../Engine/Content/EditorLandscapeResources/DefaultAlphaTexture.uasset" 393
"../../../Engine/Content/EditorLandscapeResources/DefaultAlphaTexture.uexp" 394
"../../../Engine/Content/EditorLandscapeResources/ColorMaskBrushMaterial.uasset" 395
"../../../Engine/Content/EditorLandscapeResources/ColorMaskBrushMaterial.uexp" 396
"../../../Engine/Content/EditorLandscapeResources/ColorMaskBrushMaterial_MaskedRegion.uasset" 397
"../../../Engine/Content/EditorLandscapeResources/ColorMaskBrushMaterial_MaskedRegion.uexp" 398
"../../../Engine/Plugins/Animation/ControlRig/Content/Controls/ControlRig_HalfCircle_3mm.ubulk" 399
"../../../Engine/Plugins/Animation/ControlRig/Content/Controls/ControlRig_HalfCircle_3mm.uasset" 400
"../../../Engine/Plugins/Animation/ControlRig/Content/Controls/ControlRig_HalfCircle_3mm.uexp" 401
"../../../Engine/Content/EngineMaterials/PhAT_JointLimitMaterial.uasset" 402
"../../../Engine/Content/EngineMaterials/PhAT_JointLimitMaterial.uexp" 403
"../../../Engine/Plugins/Animation/ControlRig/Content/Controls/ControlRig_HalfCircle_solid.ubulk" 404
"../../../Engine/Plugins/Animation/ControlRig/Content/Controls/ControlRig_HalfCircle_solid.uasset" 405
"../../../Engine/Plugins/Animation/ControlRig/Content/Controls/ControlRig_HalfCircle_solid.uexp" 406
"../../../Engine/Plugins/Interchange/Runtime/Content/Pipelines/DefaultAssetsPipeline.uasset" 407
"../../../Engine/Plugins/Interchange/Runtime/Content/Pipelines/DefaultAssetsPipeline.uexp" 408
"../../../Engine/Plugins/Interchange/Runtime/Content/Pipelines/DefaultAudioPipeline.uasset" 409
"../../../Engine/Plugins/Interchange/Runtime/Content/Pipelines/DefaultAudioPipeline.uexp" 410
"../../../Engine/Plugins/Interchange/Runtime/Content/Pipelines/DefaultGLTFAssetsPipeline.uasset" 411
"../../../Engine/Plugins/Interchange/Runtime/Content/Pipelines/DefaultGLTFAssetsPipeline.uexp" 412
"../../../Engine/Plugins/Interchange/Runtime/Content/Pipelines/DefaultGLTFPipeline.uasset" 413
"../../../Engine/Plugins/Interchange/Runtime/Content/Pipelines/DefaultGLTFPipeline.uexp" 414
"../../../Engine/Plugins/Interchange/Runtime/Content/Pipelines/DefaultGLTFSceneAssetsPipeline.uasset" 415
"../../../Engine/Plugins/Interchange/Runtime/Content/Pipelines/DefaultGLTFSceneAssetsPipeline.uexp" 416
"../../../Engine/Plugins/Animation/ControlRig/Content/Controls/ControlRig_Hexagon_1mm.ubulk" 417
"../../../Engine/Plugins/Animation/ControlRig/Content/Controls/ControlRig_Hexagon_1mm.uasset" 418
"../../../Engine/Plugins/Animation/ControlRig/Content/Controls/ControlRig_Hexagon_1mm.uexp" 419
"../../../Engine/Plugins/Interchange/Runtime/Content/Pipelines/DefaultMaterialPipeline.uasset" 420
"../../../Engine/Plugins/Interchange/Runtime/Content/Pipelines/DefaultMaterialPipeline.uexp" 421
"../../../Engine/Plugins/Interchange/Runtime/Content/Pipelines/DefaultMaterialXPipeline.uasset" 422
"../../../Engine/Plugins/Interchange/Runtime/Content/Pipelines/DefaultMaterialXPipeline.uexp" 423
"../../../Engine/Plugins/Interchange/Runtime/Content/Pipelines/DefaultSceneAssetsPipeline.uasset" 424
"../../../Engine/Plugins/Interchange/Runtime/Content/Pipelines/DefaultSceneAssetsPipeline.uexp" 425
"../../../Engine/Plugins/Interchange/Runtime/Content/Pipelines/DefaultSceneLevelPipeline.uasset" 426
"../../../Engine/Plugins/Interchange/Runtime/Content/Pipelines/DefaultSceneLevelPipeline.uexp" 427
"../../../Engine/Plugins/Interchange/Runtime/Content/Pipelines/DefaultTexturePipeline.uasset" 428
"../../../Engine/Plugins/Interchange/Runtime/Content/Pipelines/DefaultTexturePipeline.uexp" 429
"../../../Engine/Content/EditorMaterials/PhAT_NoCollisionMaterial.uasset" 430
"../../../Engine/Content/EditorMaterials/PhAT_NoCollisionMaterial.uexp" 431
"../../../Engine/Content/EngineMaterials/DefaultCalibrationColor.uasset" 432
"../../../Engine/Content/EngineMaterials/DefaultCalibrationColor.uexp" 433
"../../../Engine/Content/EngineMaterials/PPM_DefaultCalibrationColor.uasset" 434
"../../../Engine/Content/EngineMaterials/PPM_DefaultCalibrationColor.uexp" 435
"../../../Engine/Plugins/Animation/ControlRig/Content/Controls/ControlRig_Hexagon_3mm.ubulk" 436
"../../../Engine/Plugins/Animation/ControlRig/Content/Controls/ControlRig_Hexagon_3mm.uasset" 437
"../../../Engine/Plugins/Animation/ControlRig/Content/Controls/ControlRig_Hexagon_3mm.uexp" 438
"../../../Engine/Content/EditorMaterials/PhAT_UnselectedMaterial.uasset" 439
"../../../Engine/Content/EditorMaterials/PhAT_UnselectedMaterial.uexp" 440
"../../../Engine/Content/EngineMaterials/DefaultCalibrationGrayscale.uasset" 441
"../../../Engine/Content/EngineMaterials/DefaultCalibrationGrayscale.uexp" 442
"../../../Engine/Content/EngineMaterials/PPM_DefaultCalibrationGrayscale.uasset" 443
"../../../Engine/Content/EngineMaterials/PPM_DefaultCalibrationGrayscale.uexp" 444
"../../../Engine/Plugins/Animation/ControlRig/Content/Controls/ControlRig_Hexagon_solid.ubulk" 445
"../../../Engine/Plugins/Animation/ControlRig/Content/Controls/ControlRig_Hexagon_solid.uasset" 446
"../../../Engine/Plugins/Animation/ControlRig/Content/Controls/ControlRig_Hexagon_solid.uexp" 447
"../../../Engine/Content/EditorMaterials/PreviewShadowIndicator.ubulk" 448
"../../../Engine/Content/EditorMaterials/PreviewShadowIndicator.uasset" 449
"../../../Engine/Content/EditorMaterials/PreviewShadowIndicator.uexp" 450
"../../../Engine/Content/EditorMaterials/PreviewShadowIndicatorMaterial.uasset" 451
"../../../Engine/Content/EditorMaterials/PreviewShadowIndicatorMaterial.uexp" 452
"../../../Engine/Content/EditorLandscapeResources/LandscapeDirtyMaterial.uasset" 453
"../../../Engine/Content/EditorLandscapeResources/LandscapeDirtyMaterial.uexp" 454
"../../../Engine/Content/EngineMaterials/PreintegratedSkinBRDF.uasset" 455
"../../../Engine/Content/EngineMaterials/PreintegratedSkinBRDF.uexp" 456
"../../../Engine/Plugins/Animation/ControlRig/Content/Controls/ControlRig_Octagon_1mm.ubulk" 457
"../../../Engine/Plugins/Animation/ControlRig/Content/Controls/ControlRig_Octagon_1mm.uasset" 458
"../../../Engine/Plugins/Animation/ControlRig/Content/Controls/ControlRig_Octagon_1mm.uexp" 459
"../../../Engine/Plugins/Animation/ControlRig/Content/Controls/ControlRig_Octagon_3mm.ubulk" 460
"../../../Engine/Plugins/Animation/ControlRig/Content/Controls/ControlRig_Octagon_3mm.uasset" 461
"../../../Engine/Plugins/Animation/ControlRig/Content/Controls/ControlRig_Octagon_3mm.uexp" 462
"../../../Engine/Content/Functions/Engine_MaterialFunctions01/Texturing/TextureCropping.uasset" 463
"../../../Engine/Content/Functions/Engine_MaterialFunctions01/Texturing/TextureCropping.uexp" 464
"../../../Engine/Content/Functions/Engine_MaterialFunctions02/ExampleContent/DebugNumberStrip.uasset" 465
"../../../Engine/Content/Functions/Engine_MaterialFunctions02/ExampleContent/DebugNumberStrip.uexp" 466
"../../../Engine/Content/Functions/Engine_MaterialFunctions01/Debug/DebugIntValues.uasset" 467
"../../../Engine/Content/Functions/Engine_MaterialFunctions01/Debug/DebugIntValues.uexp" 468
"../../../Engine/Content/Functions/Engine_MaterialFunctions01/Texturing/ScaleUVsByCenter.uasset" 469
"../../../Engine/Content/Functions/Engine_MaterialFunctions01/Texturing/ScaleUVsByCenter.uexp" 470
"../../../Engine/Content/Functions/Engine_MaterialFunctions02/WorldPositionOffset/LocalPosition.uasset" 471
"../../../Engine/Content/Functions/Engine_MaterialFunctions02/WorldPositionOffset/LocalPosition.uexp" 472
"../../../Engine/Content/EditorLandscapeResources/LandscapeLayerUsageMaterial.uasset" 473
"../../../Engine/Content/EditorLandscapeResources/LandscapeLayerUsageMaterial.uexp" 474
"../../../Engine/Plugins/Animation/ControlRig/Content/Controls/ControlRig_Octagon_solid.ubulk" 475
"../../../Engine/Plugins/Animation/ControlRig/Content/Controls/ControlRig_Octagon_solid.uasset" 476
"../../../Engine/Plugins/Animation/ControlRig/Content/Controls/ControlRig_Octagon_solid.uexp" 477
"../../../Engine/Plugins/Animation/ControlRig/Content/Controls/ControlRig_Pyramid_1mm.ubulk" 478
"../../../Engine/Plugins/Animation/ControlRig/Content/Controls/ControlRig_Pyramid_1mm.uasset" 479
"../../../Engine/Plugins/Animation/ControlRig/Content/Controls/ControlRig_Pyramid_1mm.uexp" 480
"../../../Engine/Content/EngineMaterials/RemoveSurfaceMaterial.uasset" 481
"../../../Engine/Content/EngineMaterials/RemoveSurfaceMaterial.uexp" 482
"../../../Engine/Plugins/Animation/ControlRig/Content/Controls/ControlRig_Pyramid_3mm.ubulk" 483
"../../../Engine/Plugins/Animation/ControlRig/Content/Controls/ControlRig_Pyramid_3mm.uasset" 484
"../../../Engine/Plugins/Animation/ControlRig/Content/Controls/ControlRig_Pyramid_3mm.uexp" 485
"../../../Engine/Content/EngineMaterials/SMAAAreaTex.uasset" 486
"../../../Engine/Content/EngineMaterials/SMAAAreaTex.uexp" 487
"../../../Engine/Plugins/Animation/ControlRig/Content/Controls/ControlRig_Pyramid_solid.ubulk" 488
"../../../Engine/Plugins/Animation/ControlRig/Content/Controls/ControlRig_Pyramid_solid.uasset" 489
"../../../Engine/Plugins/Animation/ControlRig/Content/Controls/ControlRig_Pyramid_solid.uexp" 490
"../../../Engine/Content/EditorLandscapeResources/WhiteSquareTexture.uasset" 491
"../../../Engine/Content/EditorLandscapeResources/WhiteSquareTexture.uexp" 492
"../../../Engine/Content/EditorLandscapeResources/LayerVisMaterial.uasset" 493
"../../../Engine/Content/EditorLandscapeResources/LayerVisMaterial.uexp" 494
"../../../Engine/Plugins/Animation/ControlRig/Content/Controls/ControlRig_QuarterCircle_1mm.ubulk" 495
"../../../Engine/Plugins/Animation/ControlRig/Content/Controls/ControlRig_QuarterCircle_1mm.uasset" 496
"../../../Engine/Plugins/Animation/ControlRig/Content/Controls/ControlRig_QuarterCircle_1mm.uexp" 497
"../../../Engine/Content/EngineMaterials/SMAASearchTex.uasset" 498
"../../../Engine/Content/EngineMaterials/SMAASearchTex.uexp" 499
"../../../Engine/Content/Functions/Engine_MaterialFunctions03/Math/WithinRangeFloat2.uasset" 500
"../../../Engine/Content/Functions/Engine_MaterialFunctions03/Math/WithinRangeFloat2.uexp" 501
"../../../Engine/Content/EditorLandscapeResources/MaskBrushMaterial.uasset" 502
"../../../Engine/Content/EditorLandscapeResources/MaskBrushMaterial.uexp" 503
"../../../Engine/Content/EditorLandscapeResources/MaskBrushMaterial_MaskedRegion.uasset" 504
"../../../Engine/Content/EditorLandscapeResources/MaskBrushMaterial_MaskedRegion.uexp" 505
"../../../Engine/Plugins/Animation/ControlRig/Content/Controls/ControlRig_QuarterCircle_3mm.ubulk" 506
"../../../Engine/Plugins/Animation/ControlRig/Content/Controls/ControlRig_QuarterCircle_3mm.uasset" 507
"../../../Engine/Plugins/Animation/ControlRig/Content/Controls/ControlRig_QuarterCircle_3mm.uexp" 508
"../../../Engine/Plugins/Animation/ControlRig/Content/Controls/ControlRig_QuarterCircle_solid.ubulk" 509
"../../../Engine/Plugins/Animation/ControlRig/Content/Controls/ControlRig_QuarterCircle_solid.uasset" 510
"../../../Engine/Plugins/Animation/ControlRig/Content/Controls/ControlRig_QuarterCircle_solid.uexp" 511
"../../../Engine/Content/EditorLandscapeResources/SelectBrushMaterial.uasset" 512
"../../../Engine/Content/EditorLandscapeResources/SelectBrushMaterial.uexp" 513
"../../../Engine/Content/EditorLandscapeResources/SelectBrushMaterial_Selected.uasset" 514
"../../../Engine/Content/EditorLandscapeResources/SelectBrushMaterial_Selected.uexp" 515
"../../../Engine/Plugins/Animation/ControlRig/Content/Controls/ControlRig_RoundedSquare_1mm.ubulk" 516
"../../../Engine/Plugins/Animation/ControlRig/Content/Controls/ControlRig_RoundedSquare_1mm.uasset" 517
"../../../Engine/Plugins/Animation/ControlRig/Content/Controls/ControlRig_RoundedSquare_1mm.uexp" 518
"../../../Engine/Content/EditorLandscapeResources/SelectBrushMaterial_SelectedRegion.uasset" 519
"../../../Engine/Content/EditorLandscapeResources/SelectBrushMaterial_SelectedRegion.uexp" 520
"../../../Engine/Plugins/Runtime/HairStrands/Content/Materials/HairCardsDefaultMaterial.uasset" 521
"../../../Engine/Plugins/Runtime/HairStrands/Content/Materials/HairCardsDefaultMaterial.uexp" 522
"../../../Engine/Plugins/Animation/ControlRig/Content/Controls/ControlRig_RoundedSquare_3mm.ubulk" 523
"../../../Engine/Plugins/Animation/ControlRig/Content/Controls/ControlRig_RoundedSquare_3mm.uasset" 524
"../../../Engine/Plugins/Animation/ControlRig/Content/Controls/ControlRig_RoundedSquare_3mm.uexp" 525
"../../../Engine/Content/EditorLandscapeResources/SplineEditorMeshMat.uasset" 526
"../../../Engine/Content/EditorLandscapeResources/SplineEditorMeshMat.uexp" 527
"../../../Engine/Content/EditorLandscapeResources/SplineEditorMesh.ubulk" 528
"../../../Engine/Content/EditorLandscapeResources/SplineEditorMesh.uasset" 529
"../../../Engine/Content/EditorLandscapeResources/SplineEditorMesh.uexp" 530
"../../../Engine/Plugins/Animation/ControlRig/Content/Controls/ControlRig_RoundedSquare_solid.ubulk" 531
"../../../Engine/Plugins/Animation/ControlRig/Content/Controls/ControlRig_RoundedSquare_solid.uasset" 532
"../../../Engine/Plugins/Animation/ControlRig/Content/Controls/ControlRig_RoundedSquare_solid.uexp" 533
"../../../Engine/Content/Functions/Engine_MaterialFunctions02/Utility/MakeFloat2.uasset" 534
"../../../Engine/Content/Functions/Engine_MaterialFunctions02/Utility/MakeFloat2.uexp" 535
"../../../Engine/Content/EngineMaterials/HairColorMap.uasset" 536
"../../../Engine/Content/EngineMaterials/HairColorMap.uexp" 537
"../../../Engine/Content/EngineMaterials/HairDebugColor.uasset" 538
"../../../Engine/Content/EngineMaterials/HairDebugColor.uexp" 539
"../../../Engine/Plugins/Runtime/HairStrands/Content/Materials/HairGroupColors.uasset" 540
"../../../Engine/Plugins/Runtime/HairStrands/Content/Materials/HairGroupColors.uexp" 541
"../../../Engine/Plugins/Runtime/HairStrands/Content/Materials/HairDebugMaterial.uasset" 542
"../../../Engine/Plugins/Runtime/HairStrands/Content/Materials/HairDebugMaterial.uexp" 543
"../../../Engine/Plugins/Runtime/HairStrands/Content/Materials/HairDefaultMaterial.uasset" 544
"../../../Engine/Plugins/Runtime/HairStrands/Content/Materials/HairDefaultMaterial.uexp" 545
"../../../Engine/Plugins/Animation/ControlRig/Content/Controls/ControlRig_RoundedTriangle_1mm.ubulk" 546
"../../../Engine/Plugins/Animation/ControlRig/Content/Controls/ControlRig_RoundedTriangle_1mm.uasset" 547
"../../../Engine/Plugins/Animation/ControlRig/Content/Controls/ControlRig_RoundedTriangle_1mm.uexp" 548
"../../../Engine/Plugins/Animation/ControlRig/Content/Controls/ControlRig_RoundedTriangle_3mm.ubulk" 549
"../../../Engine/Plugins/Animation/ControlRig/Content/Controls/ControlRig_RoundedTriangle_3mm.uasset" 550
"../../../Engine/Plugins/Animation/ControlRig/Content/Controls/ControlRig_RoundedTriangle_3mm.uexp" 551
"../../../Engine/Plugins/Runtime/HairStrands/Content/Materials/HairMeshesDefaultMaterial.uasset" 552
"../../../Engine/Plugins/Runtime/HairStrands/Content/Materials/HairMeshesDefaultMaterial.uexp" 553
"../../../Engine/Plugins/Animation/ControlRig/Content/Controls/ControlRig_RoundedTriangle_solid.ubulk" 554
"../../../Engine/Plugins/Animation/ControlRig/Content/Controls/ControlRig_RoundedTriangle_solid.uasset" 555
"../../../Engine/Plugins/Animation/ControlRig/Content/Controls/ControlRig_RoundedTriangle_solid.uexp" 556
"../../../Engine/Plugins/Animation/ControlRig/Content/Controls/ControlRig_Sphere_1mm.ubulk" 557
"../../../Engine/Plugins/Animation/ControlRig/Content/Controls/ControlRig_Sphere_1mm.uasset" 558
"../../../Engine/Plugins/Animation/ControlRig/Content/Controls/ControlRig_Sphere_1mm.uexp" 559
"../../../Engine/Plugins/Animation/ControlRig/Content/Controls/ControlRig_Sphere_3mm.ubulk" 560
"../../../Engine/Plugins/Animation/ControlRig/Content/Controls/ControlRig_Sphere_3mm.uasset" 561
"../../../Engine/Plugins/Animation/ControlRig/Content/Controls/ControlRig_Sphere_3mm.uexp" 562
"../../../Engine/Plugins/Animation/ControlRig/Content/Controls/ControlRig_Sphere_solid.ubulk" 563
"../../../Engine/Plugins/Animation/ControlRig/Content/Controls/ControlRig_Sphere_solid.uasset" 564
"../../../Engine/Plugins/Animation/ControlRig/Content/Controls/ControlRig_Sphere_solid.uexp" 565
"../../../Engine/Content/EngineMaterials/WeightMapPlaceholderTexture.uasset" 566
"../../../Engine/Content/EngineMaterials/WeightMapPlaceholderTexture.uexp" 567
"../../../Engine/Content/EngineMaterials/WeightMapArrayPlaceholderTexture.uasset" 568
"../../../Engine/Content/EngineMaterials/WeightMapArrayPlaceholderTexture.uexp" 569
"../../../Engine/Plugins/Animation/ControlRig/Content/Controls/ControlRig_Square_1mm.ubulk" 570
"../../../Engine/Plugins/Animation/ControlRig/Content/Controls/ControlRig_Square_1mm.uasset" 571
"../../../Engine/Plugins/Animation/ControlRig/Content/Controls/ControlRig_Square_1mm.uexp" 572
"../../../Engine/Content/EngineResources/WhiteSquareTexture.uasset" 573
"../../../Engine/Content/EngineResources/WhiteSquareTexture.uexp" 574
"../../../Engine/Content/EngineMaterials/Widget3DPassThrough.uasset" 575
"../../../Engine/Content/EngineMaterials/Widget3DPassThrough.uexp" 576
"../../../Engine/Content/EngineMaterials/Widget3DPassThrough_Masked.uasset" 577
"../../../Engine/Content/EngineMaterials/Widget3DPassThrough_Masked.uexp" 578
"../../../Engine/Content/EngineMaterials/Widget3DPassThrough_Opaque.uasset" 579
"../../../Engine/Content/EngineMaterials/Widget3DPassThrough_Opaque.uexp" 580
"../../../Engine/Content/EngineMaterials/Widget3DPassThrough_Masked_OneSided.uasset" 581
"../../../Engine/Content/EngineMaterials/Widget3DPassThrough_Masked_OneSided.uexp" 582
"../../../Engine/Plugins/Animation/ControlRig/Content/Controls/ControlRig_Square_3mm.ubulk" 583
"../../../Engine/Plugins/Animation/ControlRig/Content/Controls/ControlRig_Square_3mm.uasset" 584
"../../../Engine/Plugins/Animation/ControlRig/Content/Controls/ControlRig_Square_3mm.uexp" 585
"../../../Engine/Content/EngineMaterials/Widget3DPassThrough_Opaque_OneSided.uasset" 586
"../../../Engine/Content/EngineMaterials/Widget3DPassThrough_Opaque_OneSided.uexp" 587
"../../../Engine/Content/EngineMaterials/Widget3DPassThrough_Translucent.uasset" 588
"../../../Engine/Content/EngineMaterials/Widget3DPassThrough_Translucent.uexp" 589
"../../../Engine/Content/EngineMaterials/Widget3DPassThrough_Translucent_OneSided.uasset" 590
"../../../Engine/Content/EngineMaterials/Widget3DPassThrough_Translucent_OneSided.uexp" 591
"../../../Engine/Plugins/Runtime/AudioWidgets/Content/Resources/ScrubHandleDown_Clamped.uasset" 592
"../../../Engine/Plugins/Runtime/AudioWidgets/Content/Resources/ScrubHandleDown_Clamped.uexp" 593
"../../../Engine/Plugins/Animation/ControlRig/Content/Controls/ControlRig_Square_solid.ubulk" 594
"../../../Engine/Plugins/Animation/ControlRig/Content/Controls/ControlRig_Square_solid.uasset" 595
"../../../Engine/Plugins/Animation/ControlRig/Content/Controls/ControlRig_Square_solid.uexp" 596
"../../../Engine/Plugins/Animation/ControlRig/Content/Controls/ControlRig_Star4_1mm.ubulk" 597
"../../../Engine/Plugins/Animation/ControlRig/Content/Controls/ControlRig_Star4_1mm.uasset" 598
"../../../Engine/Plugins/Animation/ControlRig/Content/Controls/ControlRig_Star4_1mm.uexp" 599
"../../../Engine/Plugins/Animation/ControlRig/Content/Controls/ControlRig_Star4_3mm.ubulk" 600
"../../../Engine/Plugins/Animation/ControlRig/Content/Controls/ControlRig_Star4_3mm.uasset" 601
"../../../Engine/Plugins/Animation/ControlRig/Content/Controls/ControlRig_Star4_3mm.uexp" 602
"../../../Engine/Content/EditorMaterials/Camera/CineMat.uasset" 603
"../../../Engine/Content/EditorMaterials/Camera/CineMat.uexp" 604
"../../../Engine/Content/EditorMaterials/Camera/MI_CineMat_Rig.uasset" 605
"../../../Engine/Content/EditorMaterials/Camera/MI_CineMat_Rig.uexp" 606
"../../../Engine/Content/EditorMeshes/Camera/SM_CraneRig_Arm.ubulk" 607
"../../../Engine/Content/EditorMeshes/Camera/SM_CraneRig_Arm.uasset" 608
"../../../Engine/Content/EditorMeshes/Camera/SM_CraneRig_Arm.uexp" 609
"../../../Engine/Content/EditorMeshes/Camera/SM_CraneRig_Base.ubulk" 610
"../../../Engine/Content/EditorMeshes/Camera/SM_CraneRig_Base.uasset" 611
"../../../Engine/Content/EditorMeshes/Camera/SM_CraneRig_Base.uexp" 612
"../../../Engine/Plugins/Animation/ControlRig/Content/Controls/ControlRig_Star4_solid.ubulk" 613
"../../../Engine/Plugins/Animation/ControlRig/Content/Controls/ControlRig_Star4_solid.uasset" 614
"../../../Engine/Plugins/Animation/ControlRig/Content/Controls/ControlRig_Star4_solid.uexp" 615
"../../../Engine/Content/EditorMeshes/Camera/SM_CraneRig_Body.ubulk" 616
"../../../Engine/Content/EditorMeshes/Camera/SM_CraneRig_Body.uasset" 617
"../../../Engine/Content/EditorMeshes/Camera/SM_CraneRig_Body.uexp" 618
"../../../Engine/Plugins/Animation/ControlRig/Content/Controls/ControlRig_Triangle_1mm.ubulk" 619
"../../../Engine/Plugins/Animation/ControlRig/Content/Controls/ControlRig_Triangle_1mm.uasset" 620
"../../../Engine/Plugins/Animation/ControlRig/Content/Controls/ControlRig_Triangle_1mm.uexp" 621
"../../../Engine/Plugins/Animation/ControlRig/Content/Controls/ControlRig_Triangle_3mm.ubulk" 622
"../../../Engine/Plugins/Animation/ControlRig/Content/Controls/ControlRig_Triangle_3mm.uasset" 623
"../../../Engine/Plugins/Animation/ControlRig/Content/Controls/ControlRig_Triangle_3mm.uexp" 624
"../../../Engine/Content/EditorMeshes/Camera/SM_CraneRig_Mount.ubulk" 625
"../../../Engine/Content/EditorMeshes/Camera/SM_CraneRig_Mount.uasset" 626
"../../../Engine/Content/EditorMeshes/Camera/SM_CraneRig_Mount.uexp" 627
"../../../Engine/Plugins/Animation/ControlRig/Content/Controls/ControlRig_Triangle_solid.ubulk" 628
"../../../Engine/Plugins/Animation/ControlRig/Content/Controls/ControlRig_Triangle_solid.uasset" 629
"../../../Engine/Plugins/Animation/ControlRig/Content/Controls/ControlRig_Triangle_solid.uexp" 630
"../../../Engine/Content/EditorMeshes/Camera/SM_RailRig_Mount.ubulk" 631
"../../../Engine/Content/EditorMeshes/Camera/SM_RailRig_Mount.uasset" 632
"../../../Engine/Content/EditorMeshes/Camera/SM_RailRig_Mount.uexp" 633
"../../../Engine/Plugins/Animation/ControlRig/Content/Controls/ControlRig_Wedge_1mm.ubulk" 634
"../../../Engine/Plugins/Animation/ControlRig/Content/Controls/ControlRig_Wedge_1mm.uasset" 635
"../../../Engine/Plugins/Animation/ControlRig/Content/Controls/ControlRig_Wedge_1mm.uexp" 636
"../../../Engine/Content/EditorMeshes/Camera/SM_RailRig_Track.ubulk" 637
"../../../Engine/Content/EditorMeshes/Camera/SM_RailRig_Track.uasset" 638
"../../../Engine/Content/EditorMeshes/Camera/SM_RailRig_Track.uexp" 639
"../../../Engine/Plugins/Animation/ControlRig/Content/Controls/ControlRig_Wedge_3mm.ubulk" 640
"../../../Engine/Plugins/Animation/ControlRig/Content/Controls/ControlRig_Wedge_3mm.uasset" 641
"../../../Engine/Plugins/Animation/ControlRig/Content/Controls/ControlRig_Wedge_3mm.uexp" 642
"../../../Engine/Content/EngineMeshes/Sphere.ubulk" 643
"../../../Engine/Content/EngineMeshes/Sphere.uasset" 644
"../../../Engine/Content/EngineMeshes/Sphere.uexp" 645
"../../../Engine/Plugins/Animation/ControlRig/Content/Controls/ControlRig_Wedge_solid.ubulk" 646
"../../../Engine/Plugins/Animation/ControlRig/Content/Controls/ControlRig_Wedge_solid.uasset" 647
"../../../Engine/Plugins/Animation/ControlRig/Content/Controls/ControlRig_Wedge_solid.uexp" 648
"../../../Engine/Plugins/Animation/ControlRig/Content/Controls/DefaultGizmoLibraryNormalized.uasset" 649
"../../../Engine/Plugins/Animation/ControlRig/Content/Controls/DefaultGizmoLibraryNormalized.uexp" 650
"../../../Engine/Content/EditorResources/BSPVertex.uasset" 651
"../../../Engine/Content/EditorResources/BSPVertex.uexp" 652
"../../../Engine/Content/EngineResources/Black.uasset" 653
"../../../Engine/Content/EngineResources/Black.uexp" 654
"../../../Engine/Content/EngineResources/DefaultTextureCube.uasset" 655
"../../../Engine/Content/EngineResources/DefaultTextureCube.uexp" 656
"../../../Engine/Content/EditorResources/S_Actor.ubulk" 657
"../../../Engine/Content/EditorResources/S_Actor.uasset" 658
"../../../Engine/Content/EditorResources/S_Actor.uexp" 659
"../../../Engine/Content/EditorResources/S_BoxReflectionCapture.uasset" 660
"../../../Engine/Content/EditorResources/S_BoxReflectionCapture.uexp" 661
"../../../Engine/Content/EngineResources/DefaultVolumeTexture2D.uasset" 662
"../../../Engine/Content/EngineResources/DefaultVolumeTexture2D.uexp" 663
"../../../Engine/Content/EngineResources/DefaultVolumeTexture.uasset" 664
"../../../Engine/Content/EngineResources/DefaultVolumeTexture.uexp" 665
"../../../Engine/Content/Functions/Engine_MaterialFunctions02/Utility/VectorLength.uasset" 666
"../../../Engine/Content/Functions/Engine_MaterialFunctions02/Utility/VectorLength.uexp" 667
"../../../Engine/Content/Functions/Engine_MaterialFunctions02/WorldPositionOffset/ObjectScale.uasset" 668
"../../../Engine/Content/Functions/Engine_MaterialFunctions02/WorldPositionOffset/ObjectScale.uexp" 669
"../../../Engine/Plugins/Editor/SpeedTreeImporter/Content/SpeedTree9/Empty.uasset" 670
"../../../Engine/Plugins/Editor/SpeedTreeImporter/Content/SpeedTree9/Empty.uexp" 671
"../../../Engine/Plugins/Editor/SpeedTreeImporter/Content/SpeedTree9/EmptyNormal.uasset" 672
"../../../Engine/Plugins/Editor/SpeedTreeImporter/Content/SpeedTree9/EmptyNormal.uexp" 673
"../../../Engine/Plugins/Editor/SpeedTreeImporter/Content/SpeedTree9/game_wind_noise.ubulk" 674
"../../../Engine/Plugins/Editor/SpeedTreeImporter/Content/SpeedTree9/game_wind_noise.uasset" 675
"../../../Engine/Plugins/Editor/SpeedTreeImporter/Content/SpeedTree9/game_wind_noise.uexp" 676
"../../../Engine/Plugins/Editor/SpeedTreeImporter/Content/SpeedTree9/SpeedTreeBillboard.uasset" 677
"../../../Engine/Plugins/Editor/SpeedTreeImporter/Content/SpeedTree9/SpeedTreeBillboard.uexp" 678
"../../../Engine/Content/Functions/Engine_MaterialFunctions02/SafeNormalize.uasset" 679
"../../../Engine/Content/Functions/Engine_MaterialFunctions02/SafeNormalize.uexp" 680
"../../../Engine/Plugins/Editor/SpeedTreeImporter/Content/SpeedTree9/SpeedTreeWindMotion.uasset" 681
"../../../Engine/Plugins/Editor/SpeedTreeImporter/Content/SpeedTree9/SpeedTreeWindMotion.uexp" 682
"../../../Engine/Plugins/Editor/SpeedTreeImporter/Content/SpeedTree9/UnpackDirection.uasset" 683
"../../../Engine/Plugins/Editor/SpeedTreeImporter/Content/SpeedTree9/UnpackDirection.uexp" 684
"../../../Engine/Plugins/Editor/SpeedTreeImporter/Content/SpeedTree9/UnpackInteger3.uasset" 685
"../../../Engine/Plugins/Editor/SpeedTreeImporter/Content/SpeedTree9/UnpackInteger3.uexp" 686
"../../../Engine/Plugins/Editor/SpeedTreeImporter/Content/SpeedTree9/SpeedTreeBranchMotion.uasset" 687
"../../../Engine/Plugins/Editor/SpeedTreeImporter/Content/SpeedTree9/SpeedTreeBranchMotion.uexp" 688
"../../../Engine/Content/Functions/Engine_MaterialFunctions02/ObjectLocalBounds.uasset" 689
"../../../Engine/Content/Functions/Engine_MaterialFunctions02/ObjectLocalBounds.uexp" 690
"../../../Engine/Content/Functions/Engine_MaterialFunctions02/UVs/BoundingBoxBased_0-1_UVW.uasset" 691
"../../../Engine/Content/Functions/Engine_MaterialFunctions02/UVs/BoundingBoxBased_0-1_UVW.uexp" 692
"../../../Engine/Plugins/Editor/SpeedTreeImporter/Content/SpeedTree9/SpeedTreeWind.uasset" 693
"../../../Engine/Plugins/Editor/SpeedTreeImporter/Content/SpeedTree9/SpeedTreeWind.uexp" 694
"../../../Engine/Plugins/Editor/SpeedTreeImporter/Content/SpeedTree9/SpeedTreeBillboardMaster.uasset" 695
"../../../Engine/Plugins/Editor/SpeedTreeImporter/Content/SpeedTree9/SpeedTreeBillboardMaster.uexp" 696
"../../../Engine/Content/EngineResources/GradientTexture0.uasset" 697
"../../../Engine/Content/EngineResources/GradientTexture0.uexp" 698
"../../../Engine/Plugins/Editor/SpeedTreeImporter/Content/SpeedTree9/SpeedTreeCameraFacing.uasset" 699
"../../../Engine/Plugins/Editor/SpeedTreeImporter/Content/SpeedTree9/SpeedTreeCameraFacing.uexp" 700
"../../../Engine/Plugins/Editor/SpeedTreeImporter/Content/SpeedTree9/SpeedTreeMaster.uasset" 701
"../../../Engine/Plugins/Editor/SpeedTreeImporter/Content/SpeedTree9/SpeedTreeMaster.uexp" 702
"../../../Engine/Content/EditorMaterials/Dataflow/DataflowTwoSidedVertexMaterial.uasset" 703
"../../../Engine/Content/EditorMaterials/Dataflow/DataflowTwoSidedVertexMaterial.uexp" 704
"../../../Engine/Content/EngineResources/LandscapeVisibilityLayerInfo.uasset" 705
"../../../Engine/Content/EngineResources/LandscapeVisibilityLayerInfo.uexp" 706
"../../../Engine/Content/EditorMaterials/Dataflow/DataflowVertexMaterial.uasset" 707
"../../../Engine/Content/EditorMaterials/Dataflow/DataflowVertexMaterial.uexp" 708
"../../../Engine/Content/EditorResources/S_Solver.ubulk" 709
"../../../Engine/Content/EditorResources/S_Solver.uasset" 710
"../../../Engine/Content/EditorResources/S_Solver.uexp" 711
"../../../Engine/Content/EditorResources/S_Terrain.ubulk" 712
"../../../Engine/Content/EditorResources/S_Terrain.uasset" 713
"../../../Engine/Content/EditorResources/S_Terrain.uexp" 714
"../../../Engine/Content/EditorResources/SequenceRecorder/Countdown.uasset" 715
"../../../Engine/Content/EditorResources/SequenceRecorder/Countdown.uexp" 716
"../../../Engine/Content/EditorResources/S_Trigger.ubulk" 717
"../../../Engine/Content/EditorResources/S_Trigger.uasset" 718
"../../../Engine/Content/EditorResources/S_Trigger.uexp" 719
"../../../Engine/Content/EditorResources/SequenceRecorder/RecordingIndicator.uasset" 720
"../../../Engine/Content/EditorResources/SequenceRecorder/RecordingIndicator.uexp" 721
"../../../Engine/Content/EditorResources/S_TriggerBox.uasset" 722
"../../../Engine/Content/EditorResources/S_TriggerBox.uexp" 723
"../../../Engine/Content/EditorResources/S_TriggerCapsule.uasset" 724
"../../../Engine/Content/EditorResources/S_TriggerCapsule.uexp" 725
"../../../Engine/Content/EditorResources/S_TriggerSphere.uasset" 726
"../../../Engine/Content/EditorResources/S_TriggerSphere.uexp" 727
"../../../Engine/Content/EngineDamageTypes/DmgTypeBP_Environmental.uasset" 728
"../../../Engine/Content/EngineDamageTypes/DmgTypeBP_Environmental.uexp" 729
"../../../Engine/Content/EngineDebugMaterials/DebugEditorMaterial.uasset" 730
"../../../Engine/Content/EngineDebugMaterials/DebugEditorMaterial.uexp" 731
"../../../Engine/Content/EngineDebugMaterials/DebugMeshMaterial.uasset" 732
"../../../Engine/Content/EngineDebugMaterials/DebugMeshMaterial.uexp" 733
"../../../Engine/Content/EngineMaterials/EnergyConservation/Diffuse_Energy.uasset" 734
"../../../Engine/Content/EngineMaterials/EnergyConservation/Diffuse_Energy.uexp" 735
"../../../Engine/Content/EngineMaterials/EnergyConservation/GGX_ReflectionEnergy.uasset" 736
"../../../Engine/Content/EngineMaterials/EnergyConservation/GGX_ReflectionEnergy.uexp" 737
"../../../Engine/Content/EditorMaterials/ParticleSystems/PSysThumbnail_NoImage.ubulk" 738
"../../../Engine/Content/EditorMaterials/ParticleSystems/PSysThumbnail_NoImage.uasset" 739
"../../../Engine/Content/EditorMaterials/ParticleSystems/PSysThumbnail_NoImage.uexp" 740
"../../../Engine/Content/EditorMaterials/ParticleSystems/PSysThumbnail_OOD.ubulk" 741
"../../../Engine/Content/EditorMaterials/ParticleSystems/PSysThumbnail_OOD.uasset" 742
"../../../Engine/Content/EditorMaterials/ParticleSystems/PSysThumbnail_OOD.uexp" 743
"../../../Engine/Content/EngineMaterials/EnergyConservation/GGX_TransmissionEnergyArray.uasset" 744
"../../../Engine/Content/EngineMaterials/EnergyConservation/GGX_TransmissionEnergyArray.uexp" 745
"../../../Engine/Content/EngineMaterials/EnergyConservation/SheenLegacy_Energy.uasset" 746
"../../../Engine/Content/EngineMaterials/EnergyConservation/SheenLegacy_Energy.uexp" 747
"../../../Engine/Content/EngineMaterials/EnergyConservation/Sheen_Energy.uasset" 748
"../../../Engine/Content/EngineMaterials/EnergyConservation/Sheen_Energy.uexp" 749
"../../../Engine/Content/EngineMaterials/LTC/GGX_LTCAmp.uasset" 750
"../../../Engine/Content/EngineMaterials/LTC/GGX_LTCAmp.uexp" 751
"../../../Engine/Content/EngineMaterials/LTC/GGX_LTCMat.uasset" 752
"../../../Engine/Content/EngineMaterials/LTC/GGX_LTCMat.uexp" 753
"../../../Engine/Content/EngineMaterials/LTC/Sheen_LTC.uasset" 754
"../../../Engine/Content/EngineMaterials/LTC/Sheen_LTC.uexp" 755
"../../../Engine/Content/EngineDebugMaterials/M_SimpleUnlitTranslucent.uasset" 756
"../../../Engine/Content/EngineDebugMaterials/M_SimpleUnlitTranslucent.uexp" 757
"../../../Engine/Content/Functions/Engine_MaterialFunctions02/Utility/CameraDirectionVector.uasset" 758
"../../../Engine/Content/Functions/Engine_MaterialFunctions02/Utility/CameraDirectionVector.uexp" 759
"../../../Engine/Content/EngineDebugMaterials/VolumeToRender.uasset" 760
"../../../Engine/Content/EngineDebugMaterials/VolumeToRender.uexp" 761
"../../../Engine/Content/EngineDebugMaterials/M_VolumeRenderSphereTracePP.uasset" 762
"../../../Engine/Content/EngineDebugMaterials/M_VolumeRenderSphereTracePP.uexp" 763
"../../../Engine/Content/EngineResources/Development/ZenLogo_64.uasset" 764
"../../../Engine/Content/EngineResources/Development/ZenLogo_64.uexp" 765
"../../../Engine/Content/EngineResources/FilmGrains/Marcie_Grain_v3_128_M2_000.uasset" 766
"../../../Engine/Content/EngineResources/FilmGrains/Marcie_Grain_v3_128_M2_000.uexp" 767
"../../../Engine/Content/VREditor/TransformGizmo/BoundingBoxCorner.ubulk" 768
"../../../Engine/Content/VREditor/TransformGizmo/BoundingBoxCorner.uasset" 769
"../../../Engine/Content/VREditor/TransformGizmo/BoundingBoxCorner.uexp" 770
"../../../Engine/Content/VREditor/TransformGizmo/BoundingBoxEdge.ubulk" 771
"../../../Engine/Content/VREditor/TransformGizmo/BoundingBoxEdge.uasset" 772
"../../../Engine/Content/VREditor/TransformGizmo/BoundingBoxEdge.uexp" 773
"../../../Engine/Content/ArtTools/RenderToTexture/Meshes/S_1_Unit_Plane.ubulk" 774
"../../../Engine/Content/ArtTools/RenderToTexture/Meshes/S_1_Unit_Plane.uasset" 775
"../../../Engine/Content/ArtTools/RenderToTexture/Meshes/S_1_Unit_Plane.uexp" 776
"../../../Engine/Content/EngineMaterials/Substrate/GLints/AGlintTex2dArray.uasset" 777
"../../../Engine/Content/EngineMaterials/Substrate/GLints/AGlintTex2dArray.uexp" 778
"../../../Engine/Content/Functions/Engine_MaterialFunctions01/Texturing/FlattenNormal.uasset" 779
"../../../Engine/Content/Functions/Engine_MaterialFunctions01/Texturing/FlattenNormal.uexp" 780
"../../../Engine/Plugins/Interchange/Assets/Content/Utilities/New_LUT.uasset" 781
"../../../Engine/Plugins/Interchange/Assets/Content/Utilities/New_LUT.uexp" 782
"../../../Engine/Content/Functions/Engine_MaterialFunctions03/Math/RemapValueRange.uasset" 783
"../../../Engine/Content/Functions/Engine_MaterialFunctions03/Math/RemapValueRange.uexp" 784
"../../../Engine/Plugins/Interchange/Assets/Content/Functions/MF_Iridescence.uasset" 785
"../../../Engine/Plugins/Interchange/Assets/Content/Functions/MF_Iridescence.uexp" 786
"../../../Engine/Plugins/Interchange/Assets/Content/gltf/Textures/T_White_srgb.uasset" 787
"../../../Engine/Plugins/Interchange/Assets/Content/gltf/Textures/T_White_srgb.uexp" 788
"../../../Engine/Plugins/Interchange/Assets/Content/gltf/MaterialFunctions/MF_BaseColor.uasset" 789
"../../../Engine/Plugins/Interchange/Assets/Content/gltf/MaterialFunctions/MF_BaseColor.uexp" 790
"../../../Engine/Plugins/Interchange/Assets/Content/gltf/MaterialFunctions/MF_RotateNormals_TS.uasset" 791
"../../../Engine/Plugins/Interchange/Assets/Content/gltf/MaterialFunctions/MF_RotateNormals_TS.uexp" 792
"../../../Engine/Plugins/Interchange/Assets/Content/gltf/Textures/T_Generic_N.uasset" 793
"../../../Engine/Plugins/Interchange/Assets/Content/gltf/Textures/T_Generic_N.uexp" 794
"../../../Engine/Plugins/Interchange/Assets/Content/gltf/Textures/T_White_Linear.uasset" 795
"../../../Engine/Plugins/Interchange/Assets/Content/gltf/Textures/T_White_Linear.uexp" 796
"../../../Engine/Plugins/Interchange/Assets/Content/gltf/MaterialFunctions/MF_Clearcoat.uasset" 797
"../../../Engine/Plugins/Interchange/Assets/Content/gltf/MaterialFunctions/MF_Clearcoat.uexp" 798
"../../../Engine/Plugins/Interchange/Assets/Content/gltf/MaterialFunctions/MF_Emissive.uasset" 799
"../../../Engine/Plugins/Interchange/Assets/Content/gltf/MaterialFunctions/MF_Emissive.uexp" 800
"../../../Engine/Plugins/Interchange/Assets/Content/gltf/MaterialFunctions/MF_IOR.uasset" 801
"../../../Engine/Plugins/Interchange/Assets/Content/gltf/MaterialFunctions/MF_IOR.uexp" 802
"../../../Engine/Plugins/Interchange/Assets/Content/gltf/MaterialFunctions/MF_Iridescence.uasset" 803
"../../../Engine/Plugins/Interchange/Assets/Content/gltf/MaterialFunctions/MF_Iridescence.uexp" 804
"../../../Engine/Plugins/Interchange/Assets/Content/gltf/MaterialFunctions/MF_MetallicRoughness.uasset" 805
"../../../Engine/Plugins/Interchange/Assets/Content/gltf/MaterialFunctions/MF_MetallicRoughness.uexp" 806
"../../../Engine/Plugins/Interchange/Assets/Content/gltf/MaterialFunctions/MF_ScaleNormal.uasset" 807
"../../../Engine/Plugins/Interchange/Assets/Content/gltf/MaterialFunctions/MF_ScaleNormal.uexp" 808
"../../../Engine/Plugins/Interchange/Assets/Content/gltf/MaterialFunctions/MF_Normals.uasset" 809
"../../../Engine/Plugins/Interchange/Assets/Content/gltf/MaterialFunctions/MF_Normals.uexp" 810
"../../../Engine/Plugins/Interchange/Assets/Content/gltf/MaterialFunctions/MF_Occlusion.uasset" 811
"../../../Engine/Plugins/Interchange/Assets/Content/gltf/MaterialFunctions/MF_Occlusion.uexp" 812
"../../../Engine/Plugins/Interchange/Assets/Content/gltf/MaterialFunctions/MF_Specular.uasset" 813
"../../../Engine/Plugins/Interchange/Assets/Content/gltf/MaterialFunctions/MF_Specular.uexp" 814
"../../../Engine/Plugins/Interchange/Assets/Content/gltf/Textures/T_Anisotropy_Direction_Linear.uasset" 815
"../../../Engine/Plugins/Interchange/Assets/Content/gltf/Textures/T_Anisotropy_Direction_Linear.uexp" 816
"../../../Engine/Plugins/Interchange/Assets/Content/gltf/MaterialFunctions/MF_SpecularAnisotropy.uasset" 817
"../../../Engine/Plugins/Interchange/Assets/Content/gltf/MaterialFunctions/MF_SpecularAnisotropy.uexp" 818
"../../../Engine/Plugins/Interchange/Assets/Content/gltf/MaterialFunctions/MF_RotateV2.uasset" 819
"../../../Engine/Plugins/Interchange/Assets/Content/gltf/MaterialFunctions/MF_RotateV2.uexp" 820
"../../../Engine/Plugins/Interchange/Assets/Content/gltf/MaterialFunctions/MF_TransformUVs.uasset" 821
"../../../Engine/Plugins/Interchange/Assets/Content/gltf/MaterialFunctions/MF_TransformUVs.uexp" 822
"../../../Engine/Plugins/Interchange/Assets/Content/gltf/MaterialBodies/MF_ClearCoat_Body.uasset" 823
"../../../Engine/Plugins/Interchange/Assets/Content/gltf/MaterialBodies/MF_ClearCoat_Body.uexp" 824
"../../../Engine/Plugins/Interchange/Assets/Content/gltf/M_ClearCoat.uasset" 825
"../../../Engine/Plugins/Interchange/Assets/Content/gltf/M_ClearCoat.uexp" 826
"../../../Engine/Plugins/Interchange/Assets/Content/gltf/MaterialInstances/MI_ClearCoat_Blend.uasset" 827
"../../../Engine/Plugins/Interchange/Assets/Content/gltf/MaterialInstances/MI_ClearCoat_Blend.uexp" 828
"../../../Engine/Plugins/Interchange/Assets/Content/gltf/MaterialInstances/MI_ClearCoat_Blend_DS.uasset" 829
"../../../Engine/Plugins/Interchange/Assets/Content/gltf/MaterialInstances/MI_ClearCoat_Blend_DS.uexp" 830
"../../../Engine/Plugins/Interchange/Assets/Content/gltf/MaterialInstances/MI_ClearCoat_Mask.uasset" 831
"../../../Engine/Plugins/Interchange/Assets/Content/gltf/MaterialInstances/MI_ClearCoat_Mask.uexp" 832
"../../../Engine/Plugins/Interchange/Assets/Content/gltf/MaterialInstances/MI_ClearCoat_Mask_DS.uasset" 833
"../../../Engine/Plugins/Interchange/Assets/Content/gltf/MaterialInstances/MI_ClearCoat_Mask_DS.uexp" 834
"../../../Engine/Plugins/Interchange/Assets/Content/gltf/MaterialInstances/MI_ClearCoat_Opaque.uasset" 835
"../../../Engine/Plugins/Interchange/Assets/Content/gltf/MaterialInstances/MI_ClearCoat_Opaque.uexp" 836
"../../../Engine/Plugins/Interchange/Assets/Content/gltf/MaterialInstances/MI_ClearCoat_Opaque_DS.uasset" 837
"../../../Engine/Plugins/Interchange/Assets/Content/gltf/MaterialInstances/MI_ClearCoat_Opaque_DS.uexp" 838
"../../../Engine/Plugins/Interchange/Assets/Content/gltf/MaterialBodies/MF_Default_Body.uasset" 839
"../../../Engine/Plugins/Interchange/Assets/Content/gltf/MaterialBodies/MF_Default_Body.uexp" 840
"../../../Engine/Plugins/Interchange/Assets/Content/gltf/M_Default.uasset" 841
"../../../Engine/Plugins/Interchange/Assets/Content/gltf/M_Default.uexp" 842
"../../../Engine/Plugins/Interchange/Assets/Content/gltf/MaterialInstances/MI_Default_Blend.uasset" 843
"../../../Engine/Plugins/Interchange/Assets/Content/gltf/MaterialInstances/MI_Default_Blend.uexp" 844
"../../../Engine/Plugins/Interchange/Assets/Content/gltf/MaterialInstances/MI_Default_Blend_DS.uasset" 845
"../../../Engine/Plugins/Interchange/Assets/Content/gltf/MaterialInstances/MI_Default_Blend_DS.uexp" 846
"../../../Engine/Plugins/Interchange/Assets/Content/gltf/MaterialInstances/MI_Default_Mask.uasset" 847
"../../../Engine/Plugins/Interchange/Assets/Content/gltf/MaterialInstances/MI_Default_Mask.uexp" 848
"../../../Engine/Plugins/Interchange/Assets/Content/gltf/MaterialInstances/MI_Default_Mask_DS.uasset" 849
"../../../Engine/Plugins/Interchange/Assets/Content/gltf/MaterialInstances/MI_Default_Mask_DS.uexp" 850
"../../../Engine/Plugins/Interchange/Assets/Content/gltf/MaterialInstances/MI_Default_Opaque.uasset" 851
"../../../Engine/Plugins/Interchange/Assets/Content/gltf/MaterialInstances/MI_Default_Opaque.uexp" 852
"../../../Engine/Plugins/Interchange/Assets/Content/gltf/MaterialInstances/MI_Default_Opaque_DS.uasset" 853
"../../../Engine/Plugins/Interchange/Assets/Content/gltf/MaterialInstances/MI_Default_Opaque_DS.uexp" 854
"../../../Engine/Plugins/Interchange/Assets/Content/gltf/MaterialFunctions/MF_Sheen.uasset" 855
"../../../Engine/Plugins/Interchange/Assets/Content/gltf/MaterialFunctions/MF_Sheen.uexp" 856
"../../../Engine/Plugins/Interchange/Assets/Content/gltf/MaterialBodies/MF_Sheen_Body.uasset" 857
"../../../Engine/Plugins/Interchange/Assets/Content/gltf/MaterialBodies/MF_Sheen_Body.uexp" 858
"../../../Engine/Plugins/Interchange/Assets/Content/gltf/M_Sheen.uasset" 859
"../../../Engine/Plugins/Interchange/Assets/Content/gltf/M_Sheen.uexp" 860
"../../../Engine/Plugins/Interchange/Assets/Content/gltf/MaterialInstances/MI_Sheen_Blend.uasset" 861
"../../../Engine/Plugins/Interchange/Assets/Content/gltf/MaterialInstances/MI_Sheen_Blend.uexp" 862
"../../../Engine/Plugins/Interchange/Assets/Content/gltf/MaterialInstances/MI_Sheen_Blend_DS.uasset" 863
"../../../Engine/Plugins/Interchange/Assets/Content/gltf/MaterialInstances/MI_Sheen_Blend_DS.uexp" 864
"../../../Engine/Plugins/Interchange/Assets/Content/gltf/MaterialInstances/MI_Sheen_Mask.uasset" 865
"../../../Engine/Plugins/Interchange/Assets/Content/gltf/MaterialInstances/MI_Sheen_Mask.uexp" 866
"../../../Engine/Plugins/Interchange/Assets/Content/gltf/MaterialInstances/MI_Sheen_Mask_DS.uasset" 867
"../../../Engine/Plugins/Interchange/Assets/Content/gltf/MaterialInstances/MI_Sheen_Mask_DS.uexp" 868
"../../../Engine/Plugins/Interchange/Assets/Content/gltf/MaterialInstances/MI_Sheen_Opaque.uasset" 869
"../../../Engine/Plugins/Interchange/Assets/Content/gltf/MaterialInstances/MI_Sheen_Opaque.uexp" 870
"../../../Engine/Plugins/Interchange/Assets/Content/gltf/MaterialInstances/MI_Sheen_Opaque_DS.uasset" 871
"../../../Engine/Plugins/Interchange/Assets/Content/gltf/MaterialInstances/MI_Sheen_Opaque_DS.uexp" 872
"../../../Engine/Plugins/Interchange/Assets/Content/gltf/MaterialFunctions/MF_DiffuseSpecGloss.uasset" 873
"../../../Engine/Plugins/Interchange/Assets/Content/gltf/MaterialFunctions/MF_DiffuseSpecGloss.uexp" 874
"../../../Engine/Plugins/Interchange/Assets/Content/gltf/MaterialFunctions/MF_MaxComponentValue.uasset" 875
"../../../Engine/Plugins/Interchange/Assets/Content/gltf/MaterialFunctions/MF_MaxComponentValue.uexp" 876
"../../../Engine/Content/Functions/Engine_MaterialFunctions02/Math/AddComponents.uasset" 877
"../../../Engine/Content/Functions/Engine_MaterialFunctions02/Math/AddComponents.uexp" 878
"../../../Engine/Plugins/Interchange/Assets/Content/gltf/MaterialFunctions/MF_PerceivedBrightness.uasset" 879
"../../../Engine/Plugins/Interchange/Assets/Content/gltf/MaterialFunctions/MF_PerceivedBrightness.uexp" 880
"../../../Engine/Plugins/Interchange/Assets/Content/gltf/MaterialFunctions/MF_SpecGlossToMetalRoughness.uasset" 881
"../../../Engine/Plugins/Interchange/Assets/Content/gltf/MaterialFunctions/MF_SpecGlossToMetalRoughness.uexp" 882
"../../../Engine/Plugins/Interchange/Assets/Content/gltf/MaterialBodies/MF_SpecularGlossiness_Body.uasset" 883
"../../../Engine/Plugins/Interchange/Assets/Content/gltf/MaterialBodies/MF_SpecularGlossiness_Body.uexp" 884
"../../../Engine/Plugins/Interchange/Assets/Content/gltf/M_SpecularGlossiness.uasset" 885
"../../../Engine/Plugins/Interchange/Assets/Content/gltf/M_SpecularGlossiness.uexp" 886
"../../../Engine/Plugins/Interchange/Assets/Content/gltf/MaterialInstances/MI_SpecularGlossiness_Blend.uasset" 887
"../../../Engine/Plugins/Interchange/Assets/Content/gltf/MaterialInstances/MI_SpecularGlossiness_Blend.uexp" 888
"../../../Engine/Plugins/Interchange/Assets/Content/gltf/MaterialInstances/MI_SpecularGlossiness_Blend_DS.uasset" 889
"../../../Engine/Plugins/Interchange/Assets/Content/gltf/MaterialInstances/MI_SpecularGlossiness_Blend_DS.uexp" 890
"../../../Engine/Plugins/Interchange/Assets/Content/gltf/MaterialInstances/MI_SpecularGlossiness_Mask.uasset" 891
"../../../Engine/Plugins/Interchange/Assets/Content/gltf/MaterialInstances/MI_SpecularGlossiness_Mask.uexp" 892
"../../../Engine/Plugins/Interchange/Assets/Content/gltf/MaterialInstances/MI_SpecularGlossiness_Mask_DS.uasset" 893
"../../../Engine/Plugins/Interchange/Assets/Content/gltf/MaterialInstances/MI_SpecularGlossiness_Mask_DS.uexp" 894
"../../../Engine/Plugins/Interchange/Assets/Content/gltf/MaterialInstances/MI_SpecularGlossiness_Opaque.uasset" 895
"../../../Engine/Plugins/Interchange/Assets/Content/gltf/MaterialInstances/MI_SpecularGlossiness_Opaque.uexp" 896
"../../../Engine/Plugins/Interchange/Assets/Content/gltf/MaterialInstances/MI_SpecularGlossiness_Opaque_DS.uasset" 897
"../../../Engine/Plugins/Interchange/Assets/Content/gltf/MaterialInstances/MI_SpecularGlossiness_Opaque_DS.uexp" 898
"../../../Engine/Content/EngineMaterials/Good64x64TilingNoiseHighFreq.uasset" 899
"../../../Engine/Content/EngineMaterials/Good64x64TilingNoiseHighFreq.uexp" 900
"../../../Engine/Content/Functions/Engine_MaterialFunctions02/Texturing/ScreenAlignedPixelToPixelUVs.uasset" 901
"../../../Engine/Content/Functions/Engine_MaterialFunctions02/Texturing/ScreenAlignedPixelToPixelUVs.uexp" 902
"../../../Engine/Plugins/Interchange/Assets/Content/gltf/MaterialFunctions/MF_Fresnel_DS.uasset" 903
"../../../Engine/Plugins/Interchange/Assets/Content/gltf/MaterialFunctions/MF_Fresnel_DS.uexp" 904
"../../../Engine/Plugins/Interchange/Assets/Content/gltf/MaterialFunctions/MF_Temporal_Blur.uasset" 905
"../../../Engine/Plugins/Interchange/Assets/Content/gltf/MaterialFunctions/MF_Temporal_Blur.uexp" 906
"../../../Engine/Plugins/Interchange/Assets/Content/gltf/MaterialFunctions/MF_Transmission.uasset" 907
"../../../Engine/Plugins/Interchange/Assets/Content/gltf/MaterialFunctions/MF_Transmission.uexp" 908
"../../../Engine/Plugins/Interchange/Assets/Content/gltf/MaterialBodies/MF_Transmission_Body.uasset" 909
"../../../Engine/Plugins/Interchange/Assets/Content/gltf/MaterialBodies/MF_Transmission_Body.uexp" 910
"../../../Engine/Plugins/Interchange/Assets/Content/gltf/M_Transmission.uasset" 911
"../../../Engine/Plugins/Interchange/Assets/Content/gltf/M_Transmission.uexp" 912
"../../../Engine/Plugins/Interchange/Assets/Content/gltf/MaterialInstances/MI_Transmission.uasset" 913
"../../../Engine/Plugins/Interchange/Assets/Content/gltf/MaterialInstances/MI_Transmission.uexp" 914
"../../../Engine/Plugins/Interchange/Assets/Content/gltf/MaterialInstances/MI_Transmission_DS.uasset" 915
"../../../Engine/Plugins/Interchange/Assets/Content/gltf/MaterialInstances/MI_Transmission_DS.uexp" 916
"../../../Engine/Plugins/Interchange/Assets/Content/gltf/MaterialBodies/MF_Unlit_Body.uasset" 917
"../../../Engine/Plugins/Interchange/Assets/Content/gltf/MaterialBodies/MF_Unlit_Body.uexp" 918
"../../../Engine/Plugins/Interchange/Assets/Content/gltf/M_Unlit.uasset" 919
"../../../Engine/Plugins/Interchange/Assets/Content/gltf/M_Unlit.uexp" 920
"../../../Engine/Plugins/Interchange/Assets/Content/gltf/MaterialInstances/MI_Unlit_Blend.uasset" 921
"../../../Engine/Plugins/Interchange/Assets/Content/gltf/MaterialInstances/MI_Unlit_Blend.uexp" 922
"../../../Engine/Plugins/Interchange/Assets/Content/gltf/MaterialInstances/MI_Unlit_Blend_DS.uasset" 923
"../../../Engine/Plugins/Interchange/Assets/Content/gltf/MaterialInstances/MI_Unlit_Blend_DS.uexp" 924
"../../../Engine/Plugins/Interchange/Assets/Content/gltf/MaterialInstances/MI_Unlit_Mask.uasset" 925
"../../../Engine/Plugins/Interchange/Assets/Content/gltf/MaterialInstances/MI_Unlit_Mask.uexp" 926
"../../../Engine/Plugins/Interchange/Assets/Content/gltf/MaterialInstances/MI_Unlit_Mask_DS.uasset" 927
"../../../Engine/Plugins/Interchange/Assets/Content/gltf/MaterialInstances/MI_Unlit_Mask_DS.uexp" 928
"../../../Engine/Plugins/Interchange/Assets/Content/gltf/MaterialInstances/MI_Unlit_Opaque.uasset" 929
"../../../Engine/Plugins/Interchange/Assets/Content/gltf/MaterialInstances/MI_Unlit_Opaque.uexp" 930
"../../../Engine/Plugins/Interchange/Assets/Content/gltf/MaterialInstances/MI_Unlit_Opaque_DS.uasset" 931
"../../../Engine/Plugins/Interchange/Assets/Content/gltf/MaterialInstances/MI_Unlit_Opaque_DS.uexp" 932
"../../../Engine/Content/EngineMaterials/Substrate/Glints2/AGlintTex2dArray2.uasset" 933
"../../../Engine/Content/EngineMaterials/Substrate/Glints2/AGlintTex2dArray2.uexp" 934
"../../../Engine/Content/EngineMaterials/Substrate/Volume/SubstrateSimpleVolumeEnvLUT3D.uasset" 935
"../../../Engine/Content/EngineMaterials/Substrate/Volume/SubstrateSimpleVolumeEnvLUT3D.uexp" 936
"../../../Engine/Content/EngineMaterials/Substrate/Volume/SubstrateSimpleVolumeLUT3D.uasset" 937
"../../../Engine/Content/EngineMaterials/Substrate/Volume/SubstrateSimpleVolumeLUT3D.uexp" 938
"../../../Engine/Content/Functions/Engine_MaterialFunctions01/Shading/ConvertFromDiffSpec.uasset" 939
"../../../Engine/Content/Functions/Engine_MaterialFunctions01/Shading/ConvertFromDiffSpec.uexp" 940
"../../../Engine/Content/Functions/Engine_MaterialFunctions01/Shading/PowerToRoughness.uasset" 941
"../../../Engine/Content/Functions/Engine_MaterialFunctions01/Shading/PowerToRoughness.uexp" 942
"../../../Engine/Plugins/NNE/NNEDenoiser/Content/NNEDT_Oidn2-3_Balanced.uasset" 943
"../../../Engine/Plugins/NNE/NNEDenoiser/Content/NNEDT_Oidn2-3_Balanced.uexp" 944
"../../../Engine/Plugins/NNE/NNEDenoiser/Content/NNEDT_Oidn2-3_Balanced_Alpha.uasset" 945
"../../../Engine/Plugins/NNE/NNEDenoiser/Content/NNEDT_Oidn2-3_Balanced_Alpha.uexp" 946
"../../../Engine/Plugins/NNE/NNEDenoiser/Content/NNED_Oidn2-3_Balanced.uasset" 947
"../../../Engine/Plugins/NNE/NNEDenoiser/Content/NNED_Oidn2-3_Balanced.uexp" 948
"../../../Engine/Plugins/NNE/NNEDenoiser/Content/NNED_Oidn2-3_Balanced_Alpha.uasset" 949
"../../../Engine/Plugins/NNE/NNEDenoiser/Content/NNED_Oidn2-3_Balanced_Alpha.uexp" 950
"../../../Engine/Plugins/NNE/NNEDenoiser/Content/NNED_Oidn2-3_Fast.uasset" 951
"../../../Engine/Plugins/NNE/NNEDenoiser/Content/NNED_Oidn2-3_Fast.uexp" 952
"../../../Engine/Plugins/NNE/NNEDenoiser/Content/NNED_Oidn2-3_Fast_Alpha.uasset" 953
"../../../Engine/Plugins/NNE/NNEDenoiser/Content/NNED_Oidn2-3_Fast_Alpha.uexp" 954
"../../../Engine/Plugins/NNE/NNEDenoiser/Content/NNED_Oidn2-3_HighQuality.uasset" 955
"../../../Engine/Plugins/NNE/NNEDenoiser/Content/NNED_Oidn2-3_HighQuality.uexp" 956
"../../../Engine/Plugins/NNE/NNEDenoiser/Content/NNED_Oidn2-3_HighQuality_Alpha.uasset" 957
"../../../Engine/Plugins/NNE/NNEDenoiser/Content/NNED_Oidn2-3_HighQuality_Alpha.uexp" 958
"../../../Engine/Plugins/Animation/DeformerGraph/Content/DeformerFunctions/DG_Function_LinearBlendSkin_Morph_Cloth.uasset" 959
"../../../Engine/Plugins/Animation/DeformerGraph/Content/DeformerFunctions/DG_Function_LinearBlendSkin_Morph_Cloth.uexp" 960
"../../../Engine/Plugins/Animation/DeformerGraph/Content/Deformers/DG_LinearBlendSkin_Morph_Cloth.uasset" 961
"../../../Engine/Plugins/Animation/DeformerGraph/Content/Deformers/DG_LinearBlendSkin_Morph_Cloth.uexp" 962
"../../../Engine/Plugins/Animation/DeformerGraph/Content/DeformerFunctions/DG_Function_ComputeNormalsTangents.uasset" 963
"../../../Engine/Plugins/Animation/DeformerGraph/Content/DeformerFunctions/DG_Function_ComputeNormalsTangents.uexp" 964
"../../../Engine/Plugins/Animation/DeformerGraph/Content/DeformerFunctions/DG_Function_LinearBlendSkin_Morph_Cloth_PositionOnly.uasset" 965
"../../../Engine/Plugins/Animation/DeformerGraph/Content/DeformerFunctions/DG_Function_LinearBlendSkin_Morph_Cloth_PositionOnly.uexp" 966
"../../../Engine/Plugins/Animation/DeformerGraph/Content/Deformers/DG_LinearBlendSkin_Morph_Cloth_RecomputeNormals.uasset" 967
"../../../Engine/Plugins/Animation/DeformerGraph/Content/Deformers/DG_LinearBlendSkin_Morph_Cloth_RecomputeNormals.uexp" 968
"../../../Engine/Plugins/Experimental/MeshModelingToolsetExp/Content/Materials/GetDisplacementVectorForDepthBias.uasset" 969
"../../../Engine/Plugins/Experimental/MeshModelingToolsetExp/Content/Materials/GetDisplacementVectorForDepthBias.uexp" 970
"../../../Engine/Content/Functions/Engine_MaterialFunctions03/Viewport/MF_OrthoWidth.uasset" 971
"../../../Engine/Content/Functions/Engine_MaterialFunctions03/Viewport/MF_OrthoWidth.uexp" 972
"../../../Engine/Content/Functions/Engine_MaterialFunctions02/Utility/FOV.uasset" 973
"../../../Engine/Content/Functions/Engine_MaterialFunctions02/Utility/FOV.uexp" 974
"../../../Engine/Content/Functions/Engine_MaterialFunctions02/WorldPositionOffset/V2/ObjectScale.uasset" 975
"../../../Engine/Content/Functions/Engine_MaterialFunctions02/WorldPositionOffset/V2/ObjectScale.uexp" 976
"../../../Engine/Plugins/Experimental/MeshModelingToolsetExp/Content/Materials/PointSetOverlaidComponentMaterial.uasset" 977
"../../../Engine/Plugins/Experimental/MeshModelingToolsetExp/Content/Materials/PointSetOverlaidComponentMaterial.uexp" 978
"../../../Engine/Content/BasicShapes/Plane.ubulk" 979
"../../../Engine/Content/BasicShapes/Plane.uasset" 980
"../../../Engine/Content/BasicShapes/Plane.uexp" 981
"../../../Engine/Content/BasicShapes/BasicShapeMaterial.uasset" 982
"../../../Engine/Content/BasicShapes/BasicShapeMaterial.uexp" 983
"E:/Paranoia470/Content/Eric_Bp/InteractionText.uasset" 984
"E:/Paranoia470/Content/Eric_Bp/InteractionText.uexp" 985
"../../../Engine/Content/EngineResources/DefaultTexture.ubulk" 986
"../../../Engine/Content/EngineResources/DefaultTexture.uasset" 987
"../../../Engine/Content/EngineResources/DefaultTexture.uexp" 988
"../../../Engine/Content/EngineMaterials/DefaultNormal.ubulk" 989
"../../../Engine/Content/EngineMaterials/DefaultNormal.uasset" 990
"../../../Engine/Content/EngineMaterials/DefaultNormal.uexp" 991
"../../../Engine/Content/Functions/Engine_MaterialFunctions03/Procedurals/NormalFromHeightmap.uasset" 992
"../../../Engine/Content/Functions/Engine_MaterialFunctions03/Procedurals/NormalFromHeightmap.uexp" 993
"../../../Engine/Plugins/Interchange/Assets/Content/Functions/MF_PhongToMetalRoughness.uasset" 994
"../../../Engine/Plugins/Interchange/Assets/Content/Functions/MF_PhongToMetalRoughness.uexp" 995
"../../../Engine/Plugins/Interchange/Assets/Content/Materials/FBXLegacyPhongSurfaceMaterial.uasset" 996
"../../../Engine/Plugins/Interchange/Assets/Content/Materials/FBXLegacyPhongSurfaceMaterial.uexp" 997
"E:/Paranoia470/Content/Assets/3DModels/openPBR_shader1.uasset" 998
"E:/Paranoia470/Content/Assets/3DModels/openPBR_shader1.uexp" 999
"E:/Paranoia470/Content/Assets/3DModels/standardSurface1.uasset" 1000
"E:/Paranoia470/Content/Assets/3DModels/standardSurface1.uexp" 1001
"E:/Paranoia470/Content/Assets/3DModels/Current_House.ubulk" 1002
"E:/Paranoia470/Content/Assets/3DModels/Current_House.uasset" 1003
"E:/Paranoia470/Content/Assets/3DModels/Current_House.uexp" 1004
"../../../Engine/Content/BasicShapes/Cube.ubulk" 1005
"../../../Engine/Content/BasicShapes/Cube.uasset" 1006
"../../../Engine/Content/BasicShapes/Cube.uexp" 1007
"E:/Paranoia470/Content/Eric_Bp/Inventory/Trash.uasset" 1008
"E:/Paranoia470/Content/Eric_Bp/Inventory/Trash.uexp" 1009
"E:/Paranoia470/Content/Prototype_Paranoia.uexp" 1010
"E:/Paranoia470/Content/Prototype_Paranoia.umap" 1011
"../../../Engine/Content/Maps/Entry_BuiltData.uasset" 1012
"../../../Engine/Content/Maps/Entry_BuiltData.uexp" 1013
"../../../Engine/Content/Maps/Entry.uexp" 1014
"../../../Engine/Content/Maps/Entry.umap" 1015
